[2026-06-08T20:06:22.638+0000] {local_task_job_runner.py:120} INFO - ::group::Pre task execution logs
[2026-06-08T20:06:22.647+0000] {taskinstance.py:2076} INFO - Dependencies all met for dep_context=non-requeueable deps ti=<TaskInstance: corporate_ratings_pipeline.extract_sheets manual__2026-06-08T20:06:20.774497+00:00 [queued]>
[2026-06-08T20:06:22.649+0000] {taskinstance.py:2076} INFO - Dependencies all met for dep_context=requeueable deps ti=<TaskInstance: corporate_ratings_pipeline.extract_sheets manual__2026-06-08T20:06:20.774497+00:00 [queued]>
[2026-06-08T20:06:22.649+0000] {taskinstance.py:2306} INFO - Starting attempt 1 of 2
[2026-06-08T20:06:22.652+0000] {taskinstance.py:2330} INFO - Executing <Task(PythonOperator): extract_sheets> on 2026-06-08 20:06:20.774497+00:00
[2026-06-08T20:06:22.654+0000] {logging_mixin.py:188} WARNING - /home/***/.local/lib/python3.12/site-packages/***/task/task_runner/standard_task_runner.py:62 DeprecationWarning: This process (pid=216) is multi-threaded, use of fork() may lead to deadlocks in the child.
[2026-06-08T20:06:22.655+0000] {standard_task_runner.py:64} INFO - Started process 217 to run task
[2026-06-08T20:06:22.654+0000] {standard_task_runner.py:90} INFO - Running: ['***', 'tasks', 'run', 'corporate_ratings_pipeline', 'extract_sheets', 'manual__2026-06-08T20:06:20.774497+00:00', '--job-id', '8', '--raw', '--subdir', 'DAGS_FOLDER/corporate_ratings_dag_integration.py', '--cfg-path', '/tmp/tmp99an52v3']
[2026-06-08T20:06:22.655+0000] {standard_task_runner.py:91} INFO - Job 8: Subtask extract_sheets
[2026-06-08T20:06:22.670+0000] {task_command.py:426} INFO - Running <TaskInstance: corporate_ratings_pipeline.extract_sheets manual__2026-06-08T20:06:20.774497+00:00 [running]> on host ***-scheduler
[2026-06-08T20:06:22.694+0000] {taskinstance.py:2648} INFO - Exporting env vars: AIRFLOW_CTX_DAG_OWNER='data_engineering' AIRFLOW_CTX_DAG_ID='corporate_ratings_pipeline' AIRFLOW_CTX_TASK_ID='extract_sheets' AIRFLOW_CTX_EXECUTION_DATE='2026-06-08T20:06:20.774497+00:00' AIRFLOW_CTX_TRY_NUMBER='1' AIRFLOW_CTX_DAG_RUN_ID='manual__2026-06-08T20:06:20.774497+00:00'
[2026-06-08T20:06:22.694+0000] {taskinstance.py:430} INFO - ::endgroup::
[2026-06-08T20:06:22.851+0000] {base.py:84} INFO - Using connection ID 'postgres_***' for task execution.
[2026-06-08T20:06:22.855+0000] {corporate_ratings_dag.py:98} INFO - [extract] Pipeline run started: run_id=2
[2026-06-08T20:06:22.856+0000] {corporate_ratings_dag.py:101} INFO - [extract] Last successful run: 2026-06-08 20:06:17.880515+00:00
[2026-06-08T20:06:22.856+0000] {corporate_ratings_dag.py:104} INFO - [extract] Staged 0 file(s): []
[2026-06-08T20:06:22.878+0000] {python.py:237} INFO - Done. Returned value was: None
[2026-06-08T20:06:22.879+0000] {taskinstance.py:441} INFO - ::group::Post task execution logs
[2026-06-08T20:06:22.881+0000] {taskinstance.py:1206} INFO - Marking task as SUCCESS. dag_id=***_ratings_pipeline, task_id=extract_sheets, run_id=manual__2026-06-08T20:06:20.774497+00:00, execution_date=20260608T200620, start_date=20260608T200622, end_date=20260608T200622
[2026-06-08T20:06:22.917+0000] {local_task_job_runner.py:243} INFO - Task exited with return code 0
[2026-06-08T20:06:22.926+0000] {taskinstance.py:3503} INFO - 1 downstream tasks scheduled from follow-on schedule check
[2026-06-08T20:06:22.926+0000] {local_task_job_runner.py:222} INFO - ::endgroup::
