[2026-06-08T20:06:17.579+0000] {local_task_job_runner.py:120} INFO - ::group::Pre task execution logs
[2026-06-08T20:06:17.590+0000] {taskinstance.py:2076} INFO - Dependencies all met for dep_context=non-requeueable deps ti=<TaskInstance: corporate_ratings_pipeline.load_to_warehouse manual__2026-06-08T20:06:12.888827+00:00 [queued]>
[2026-06-08T20:06:17.593+0000] {taskinstance.py:2076} INFO - Dependencies all met for dep_context=requeueable deps ti=<TaskInstance: corporate_ratings_pipeline.load_to_warehouse manual__2026-06-08T20:06:12.888827+00:00 [queued]>
[2026-06-08T20:06:17.593+0000] {taskinstance.py:2306} INFO - Starting attempt 1 of 2
[2026-06-08T20:06:17.596+0000] {taskinstance.py:2330} INFO - Executing <Task(PythonOperator): load_to_warehouse> on 2026-06-08 20:06:12.888827+00:00
[2026-06-08T20:06:17.599+0000] {logging_mixin.py:188} WARNING - /home/***/.local/lib/python3.12/site-packages/***/task/task_runner/standard_task_runner.py:62 DeprecationWarning: This process (pid=211) is multi-threaded, use of fork() may lead to deadlocks in the child.
[2026-06-08T20:06:17.599+0000] {standard_task_runner.py:64} INFO - Started process 212 to run task
[2026-06-08T20:06:17.599+0000] {standard_task_runner.py:90} INFO - Running: ['***', 'tasks', 'run', 'corporate_ratings_pipeline', 'load_to_warehouse', 'manual__2026-06-08T20:06:12.888827+00:00', '--job-id', '6', '--raw', '--subdir', 'DAGS_FOLDER/corporate_ratings_dag_integration.py', '--cfg-path', '/tmp/tmpf4u4wtxz']
[2026-06-08T20:06:17.600+0000] {standard_task_runner.py:91} INFO - Job 6: Subtask load_to_warehouse
[2026-06-08T20:06:17.616+0000] {task_command.py:426} INFO - Running <TaskInstance: corporate_ratings_pipeline.load_to_warehouse manual__2026-06-08T20:06:12.888827+00:00 [running]> on host ***-scheduler
[2026-06-08T20:06:17.642+0000] {taskinstance.py:2648} INFO - Exporting env vars: AIRFLOW_CTX_DAG_OWNER='data_engineering' AIRFLOW_CTX_DAG_ID='corporate_ratings_pipeline' AIRFLOW_CTX_TASK_ID='load_to_warehouse' AIRFLOW_CTX_EXECUTION_DATE='2026-06-08T20:06:12.888827+00:00' AIRFLOW_CTX_TRY_NUMBER='1' AIRFLOW_CTX_DAG_RUN_ID='manual__2026-06-08T20:06:12.888827+00:00'
[2026-06-08T20:06:17.642+0000] {taskinstance.py:430} INFO - ::endgroup::
[2026-06-08T20:06:17.855+0000] {base.py:84} INFO - Using connection ID 'postgres_***' for task execution.
[2026-06-08T20:06:17.864+0000] {loader.py:445} INFO - [loader] Loaded ***s_A_1.xlsm → upload_id=1 company_id=1 hash=b8189ffc7435
[2026-06-08T20:06:17.869+0000] {loader.py:445} INFO - [loader] Loaded ***s_A_2.xlsm → upload_id=2 company_id=2 hash=b38121183edc
[2026-06-08T20:06:17.875+0000] {loader.py:445} INFO - [loader] Loaded ***s_B_1.xlsm → upload_id=3 company_id=3 hash=861cee3eac72
[2026-06-08T20:06:17.880+0000] {loader.py:445} INFO - [loader] Loaded ***s_B_2.xlsm → upload_id=4 company_id=4 hash=73e2ed739775
[2026-06-08T20:06:17.880+0000] {corporate_ratings_dag.py:242} INFO - [load] Pipeline complete. staged=4 loaded=4 skipped=0
[2026-06-08T20:06:17.881+0000] {python.py:237} INFO - Done. Returned value was: None
[2026-06-08T20:06:17.881+0000] {taskinstance.py:441} INFO - ::group::Post task execution logs
[2026-06-08T20:06:17.884+0000] {taskinstance.py:1206} INFO - Marking task as SUCCESS. dag_id=***_ratings_pipeline, task_id=load_to_warehouse, run_id=manual__2026-06-08T20:06:12.888827+00:00, execution_date=20260608T200612, start_date=20260608T200617, end_date=20260608T200617
[2026-06-08T20:06:17.904+0000] {local_task_job_runner.py:243} INFO - Task exited with return code 0
[2026-06-08T20:06:17.912+0000] {taskinstance.py:3503} INFO - 0 downstream tasks scheduled from follow-on schedule check
[2026-06-08T20:06:17.913+0000] {local_task_job_runner.py:222} INFO - ::endgroup::
