[2026-06-08T20:06:14.701+0000] {local_task_job_runner.py:120} INFO - ::group::Pre task execution logs
[2026-06-08T20:06:14.711+0000] {taskinstance.py:2076} INFO - Dependencies all met for dep_context=non-requeueable deps ti=<TaskInstance: corporate_ratings_pipeline.extract_sheets manual__2026-06-08T20:06:12.888827+00:00 [queued]>
[2026-06-08T20:06:14.713+0000] {taskinstance.py:2076} INFO - Dependencies all met for dep_context=requeueable deps ti=<TaskInstance: corporate_ratings_pipeline.extract_sheets manual__2026-06-08T20:06:12.888827+00:00 [queued]>
[2026-06-08T20:06:14.713+0000] {taskinstance.py:2306} INFO - Starting attempt 1 of 2
[2026-06-08T20:06:14.716+0000] {taskinstance.py:2330} INFO - Executing <Task(PythonOperator): extract_sheets> on 2026-06-08 20:06:12.888827+00:00
[2026-06-08T20:06:14.718+0000] {logging_mixin.py:188} WARNING - /home/***/.local/lib/python3.12/site-packages/***/task/task_runner/standard_task_runner.py:62 DeprecationWarning: This process (pid=185) is multi-threaded, use of fork() may lead to deadlocks in the child.
[2026-06-08T20:06:14.718+0000] {standard_task_runner.py:64} INFO - Started process 186 to run task
[2026-06-08T20:06:14.718+0000] {standard_task_runner.py:90} INFO - Running: ['***', 'tasks', 'run', 'corporate_ratings_pipeline', 'extract_sheets', 'manual__2026-06-08T20:06:12.888827+00:00', '--job-id', '3', '--raw', '--subdir', 'DAGS_FOLDER/corporate_ratings_dag.py', '--cfg-path', '/tmp/tmpnzvv8ihj']
[2026-06-08T20:06:14.719+0000] {standard_task_runner.py:91} INFO - Job 3: Subtask extract_sheets
[2026-06-08T20:06:14.734+0000] {task_command.py:426} INFO - Running <TaskInstance: corporate_ratings_pipeline.extract_sheets manual__2026-06-08T20:06:12.888827+00:00 [running]> on host ***-scheduler
[2026-06-08T20:06:14.757+0000] {taskinstance.py:2648} INFO - Exporting env vars: AIRFLOW_CTX_DAG_OWNER='data_engineering' AIRFLOW_CTX_DAG_ID='corporate_ratings_pipeline' AIRFLOW_CTX_TASK_ID='extract_sheets' AIRFLOW_CTX_EXECUTION_DATE='2026-06-08T20:06:12.888827+00:00' AIRFLOW_CTX_TRY_NUMBER='1' AIRFLOW_CTX_DAG_RUN_ID='manual__2026-06-08T20:06:12.888827+00:00'
[2026-06-08T20:06:14.757+0000] {taskinstance.py:430} INFO - ::endgroup::
[2026-06-08T20:06:14.979+0000] {base.py:84} INFO - Using connection ID 'postgres_***' for task execution.
[2026-06-08T20:06:14.983+0000] {corporate_ratings_dag.py:98} INFO - [extract] Pipeline run started: run_id=1
[2026-06-08T20:06:14.983+0000] {corporate_ratings_dag.py:101} INFO - [extract] Last successful run: None
[2026-06-08T20:06:14.985+0000] {corporate_ratings_dag.py:104} INFO - [extract] Staged 4 file(s): ['***s_A_1.xlsm', '***s_A_2.xlsm', '***s_B_1.xlsm', '***s_B_2.xlsm']
[2026-06-08T20:06:15.035+0000] {logging_mixin.py:188} INFO - Extracted MASTER sheet df and removed spaces / empty rows
[2026-06-08T20:06:15.037+0000] {logging_mixin.py:188} INFO - Saved extracted MASTER sheet records to /opt/***/data/extracted_sheets/***s_A_1_master.csv
[2026-06-08T20:06:15.038+0000] {corporate_ratings_dag.py:116} INFO - [extract] Extracted ***s_A_1.xlsm → Company A
[2026-06-08T20:06:15.048+0000] {logging_mixin.py:188} INFO - Extracted MASTER sheet df and removed spaces / empty rows
[2026-06-08T20:06:15.049+0000] {logging_mixin.py:188} INFO - Saved extracted MASTER sheet records to /opt/***/data/extracted_sheets/***s_A_2_master.csv
[2026-06-08T20:06:15.050+0000] {corporate_ratings_dag.py:116} INFO - [extract] Extracted ***s_A_2.xlsm → Company A
[2026-06-08T20:06:15.061+0000] {logging_mixin.py:188} INFO - Extracted MASTER sheet df and removed spaces / empty rows
[2026-06-08T20:06:15.061+0000] {logging_mixin.py:188} INFO - Saved extracted MASTER sheet records to /opt/***/data/extracted_sheets/***s_B_1_master.csv
[2026-06-08T20:06:15.062+0000] {corporate_ratings_dag.py:116} INFO - [extract] Extracted ***s_B_1.xlsm → Company B
[2026-06-08T20:06:15.072+0000] {logging_mixin.py:188} INFO - Extracted MASTER sheet df and removed spaces / empty rows
[2026-06-08T20:06:15.073+0000] {logging_mixin.py:188} INFO - Saved extracted MASTER sheet records to /opt/***/data/extracted_sheets/***s_B_2_master.csv
[2026-06-08T20:06:15.075+0000] {corporate_ratings_dag.py:116} INFO - [extract] Extracted ***s_B_2.xlsm → Company B
[2026-06-08T20:06:15.093+0000] {python.py:237} INFO - Done. Returned value was: None
[2026-06-08T20:06:15.093+0000] {taskinstance.py:441} INFO - ::group::Post task execution logs
[2026-06-08T20:06:15.097+0000] {taskinstance.py:1206} INFO - Marking task as SUCCESS. dag_id=***_ratings_pipeline, task_id=extract_sheets, run_id=manual__2026-06-08T20:06:12.888827+00:00, execution_date=20260608T200612, start_date=20260608T200614, end_date=20260608T200615
[2026-06-08T20:06:15.103+0000] {local_task_job_runner.py:243} INFO - Task exited with return code 0
[2026-06-08T20:06:15.112+0000] {taskinstance.py:3503} INFO - 1 downstream tasks scheduled from follow-on schedule check
[2026-06-08T20:06:15.113+0000] {local_task_job_runner.py:222} INFO - ::endgroup::
