[2026-06-08T20:06:16.537+0000] {local_task_job_runner.py:120} INFO - ::group::Pre task execution logs
[2026-06-08T20:06:16.548+0000] {taskinstance.py:2076} INFO - Dependencies all met for dep_context=non-requeueable deps ti=<TaskInstance: corporate_ratings_pipeline.transform_data manual__2026-06-08T20:06:12.888827+00:00 [queued]>
[2026-06-08T20:06:16.550+0000] {taskinstance.py:2076} INFO - Dependencies all met for dep_context=requeueable deps ti=<TaskInstance: corporate_ratings_pipeline.transform_data manual__2026-06-08T20:06:12.888827+00:00 [queued]>
[2026-06-08T20:06:16.550+0000] {taskinstance.py:2306} INFO - Starting attempt 1 of 2
[2026-06-08T20:06:16.553+0000] {taskinstance.py:2330} INFO - Executing <Task(PythonOperator): transform_data> on 2026-06-08 20:06:12.888827+00:00
[2026-06-08T20:06:16.556+0000] {logging_mixin.py:188} WARNING - /home/***/.local/lib/python3.12/site-packages/***/task/task_runner/standard_task_runner.py:62 DeprecationWarning: This process (pid=203) is multi-threaded, use of fork() may lead to deadlocks in the child.
[2026-06-08T20:06:16.556+0000] {standard_task_runner.py:64} INFO - Started process 204 to run task
[2026-06-08T20:06:16.556+0000] {standard_task_runner.py:90} INFO - Running: ['***', 'tasks', 'run', 'corporate_ratings_pipeline', 'transform_data', 'manual__2026-06-08T20:06:12.888827+00:00', '--job-id', '5', '--raw', '--subdir', 'DAGS_FOLDER/corporate_ratings_dag.py', '--cfg-path', '/tmp/tmpbeju5oz0']
[2026-06-08T20:06:16.557+0000] {standard_task_runner.py:91} INFO - Job 5: Subtask transform_data
[2026-06-08T20:06:16.573+0000] {task_command.py:426} INFO - Running <TaskInstance: corporate_ratings_pipeline.transform_data manual__2026-06-08T20:06:12.888827+00:00 [running]> on host ***-scheduler
[2026-06-08T20:06:16.598+0000] {taskinstance.py:2648} INFO - Exporting env vars: AIRFLOW_CTX_DAG_OWNER='data_engineering' AIRFLOW_CTX_DAG_ID='corporate_ratings_pipeline' AIRFLOW_CTX_TASK_ID='transform_data' AIRFLOW_CTX_EXECUTION_DATE='2026-06-08T20:06:12.888827+00:00' AIRFLOW_CTX_TRY_NUMBER='1' AIRFLOW_CTX_DAG_RUN_ID='manual__2026-06-08T20:06:12.888827+00:00'
[2026-06-08T20:06:16.598+0000] {taskinstance.py:430} INFO - ::endgroup::
[2026-06-08T20:06:16.772+0000] {corporate_ratings_dag.py:191} INFO - [transform] Transformed 4 record(s).
[2026-06-08T20:06:16.773+0000] {corporate_ratings_dag.py:193} INFO - [transform] corporates_A_1.xlsm → hash=b8189ffc7435
[2026-06-08T20:06:16.773+0000] {corporate_ratings_dag.py:193} INFO - [transform] corporates_A_2.xlsm → hash=b38121183edc
[2026-06-08T20:06:16.773+0000] {corporate_ratings_dag.py:193} INFO - [transform] corporates_B_1.xlsm → hash=861cee3eac72
[2026-06-08T20:06:16.773+0000] {corporate_ratings_dag.py:193} INFO - [transform] corporates_B_2.xlsm → hash=73e2ed739775
[2026-06-08T20:06:16.778+0000] {python.py:237} INFO - Done. Returned value was: None
[2026-06-08T20:06:16.778+0000] {taskinstance.py:441} INFO - ::group::Post task execution logs
[2026-06-08T20:06:16.781+0000] {taskinstance.py:1206} INFO - Marking task as SUCCESS. dag_id=corporate_ratings_pipeline, task_id=transform_data, run_id=manual__2026-06-08T20:06:12.888827+00:00, execution_date=20260608T200612, start_date=20260608T200616, end_date=20260608T200616
[2026-06-08T20:06:16.819+0000] {local_task_job_runner.py:243} INFO - Task exited with return code 0
[2026-06-08T20:06:16.826+0000] {taskinstance.py:3503} INFO - 1 downstream tasks scheduled from follow-on schedule check
[2026-06-08T20:06:16.827+0000] {local_task_job_runner.py:222} INFO - ::endgroup::
