[2026-06-08T20:06:25.430+0000] {local_task_job_runner.py:120} INFO - ::group::Pre task execution logs
[2026-06-08T20:06:25.441+0000] {taskinstance.py:2076} INFO - Dependencies all met for dep_context=non-requeueable deps ti=<TaskInstance: corporate_ratings_pipeline.load_to_warehouse manual__2026-06-08T20:06:20.774497+00:00 [queued]>
[2026-06-08T20:06:25.443+0000] {taskinstance.py:2076} INFO - Dependencies all met for dep_context=requeueable deps ti=<TaskInstance: corporate_ratings_pipeline.load_to_warehouse manual__2026-06-08T20:06:20.774497+00:00 [queued]>
[2026-06-08T20:06:25.443+0000] {taskinstance.py:2306} INFO - Starting attempt 1 of 2
[2026-06-08T20:06:25.446+0000] {taskinstance.py:2330} INFO - Executing <Task(PythonOperator): load_to_warehouse> on 2026-06-08 20:06:20.774497+00:00
[2026-06-08T20:06:25.449+0000] {logging_mixin.py:188} WARNING - /home/***/.local/lib/python3.12/site-packages/***/task/task_runner/standard_task_runner.py:62 DeprecationWarning: This process (pid=225) is multi-threaded, use of fork() may lead to deadlocks in the child.
[2026-06-08T20:06:25.449+0000] {standard_task_runner.py:64} INFO - Started process 226 to run task
[2026-06-08T20:06:25.449+0000] {standard_task_runner.py:90} INFO - Running: ['***', 'tasks', 'run', 'corporate_ratings_pipeline', 'load_to_warehouse', 'manual__2026-06-08T20:06:20.774497+00:00', '--job-id', '11', '--raw', '--subdir', 'DAGS_FOLDER/corporate_ratings_dag_integration.py', '--cfg-path', '/tmp/tmpqn57zju8']
[2026-06-08T20:06:25.450+0000] {standard_task_runner.py:91} INFO - Job 11: Subtask load_to_warehouse
[2026-06-08T20:06:25.467+0000] {task_command.py:426} INFO - Running <TaskInstance: corporate_ratings_pipeline.load_to_warehouse manual__2026-06-08T20:06:20.774497+00:00 [running]> on host ***-scheduler
[2026-06-08T20:06:25.500+0000] {taskinstance.py:2648} INFO - Exporting env vars: AIRFLOW_CTX_DAG_OWNER='data_engineering' AIRFLOW_CTX_DAG_ID='corporate_ratings_pipeline' AIRFLOW_CTX_TASK_ID='load_to_warehouse' AIRFLOW_CTX_EXECUTION_DATE='2026-06-08T20:06:20.774497+00:00' AIRFLOW_CTX_TRY_NUMBER='1' AIRFLOW_CTX_DAG_RUN_ID='manual__2026-06-08T20:06:20.774497+00:00'
[2026-06-08T20:06:25.500+0000] {taskinstance.py:430} INFO - ::endgroup::
[2026-06-08T20:06:25.670+0000] {base.py:84} INFO - Using connection ID 'postgres_***' for task execution.
[2026-06-08T20:06:25.673+0000] {corporate_ratings_dag.py:242} INFO - [load] Pipeline complete. staged=0 loaded=0 skipped=0
[2026-06-08T20:06:25.673+0000] {python.py:237} INFO - Done. Returned value was: None
[2026-06-08T20:06:25.673+0000] {taskinstance.py:441} INFO - ::group::Post task execution logs
[2026-06-08T20:06:25.676+0000] {taskinstance.py:1206} INFO - Marking task as SUCCESS. dag_id=***_ratings_pipeline, task_id=load_to_warehouse, run_id=manual__2026-06-08T20:06:20.774497+00:00, execution_date=20260608T200620, start_date=20260608T200625, end_date=20260608T200625
[2026-06-08T20:06:25.714+0000] {local_task_job_runner.py:243} INFO - Task exited with return code 0
[2026-06-08T20:06:25.721+0000] {taskinstance.py:3503} INFO - 0 downstream tasks scheduled from follow-on schedule check
[2026-06-08T20:06:25.722+0000] {local_task_job_runner.py:222} INFO - ::endgroup::
