[2026-06-08T20:05:45.379+0000] {processor.py:161} INFO - Started process (PID=172) to work on /opt/airflow/dags/corporate_ratings_dag.py
[2026-06-08T20:05:45.380+0000] {processor.py:830} INFO - Processing file /opt/airflow/dags/corporate_ratings_dag.py for tasks to queue
[2026-06-08T20:05:45.380+0000] {logging_mixin.py:188} INFO - [2026-06-08T20:05:45.380+0000] {dagbag.py:545} INFO - Filling up the DagBag from /opt/airflow/dags/corporate_ratings_dag.py
[2026-06-08T20:05:45.403+0000] {processor.py:840} INFO - DAG(s) 'corporate_ratings_pipeline' retrieved from /opt/airflow/dags/corporate_ratings_dag.py
[2026-06-08T20:05:45.565+0000] {logging_mixin.py:188} INFO - [2026-06-08T20:05:45.565+0000] {override.py:1858} INFO - Created Permission View: can read on DAG:corporate_ratings_pipeline
[2026-06-08T20:05:45.571+0000] {logging_mixin.py:188} INFO - [2026-06-08T20:05:45.571+0000] {override.py:1858} INFO - Created Permission View: can delete on DAG:corporate_ratings_pipeline
[2026-06-08T20:05:45.576+0000] {logging_mixin.py:188} INFO - [2026-06-08T20:05:45.575+0000] {override.py:1858} INFO - Created Permission View: can edit on DAG:corporate_ratings_pipeline
[2026-06-08T20:05:45.576+0000] {logging_mixin.py:188} INFO - [2026-06-08T20:05:45.576+0000] {dag.py:3089} INFO - Sync 1 DAGs
[2026-06-08T20:05:45.583+0000] {logging_mixin.py:188} INFO - [2026-06-08T20:05:45.583+0000] {dag.py:3111} INFO - Creating ORM DAG for corporate_ratings_pipeline
[2026-06-08T20:05:45.583+0000] {logging_mixin.py:188} INFO - [2026-06-08T20:05:45.583+0000] {dag.py:3947} INFO - Setting next_dagrun for corporate_ratings_pipeline to None, run_after=None
[2026-06-08T20:05:45.594+0000] {processor.py:183} INFO - Processing /opt/airflow/dags/corporate_ratings_dag.py took 0.218 seconds
[2026-06-08T20:06:15.805+0000] {processor.py:161} INFO - Started process (PID=191) to work on /opt/airflow/dags/corporate_ratings_dag.py
[2026-06-08T20:06:15.808+0000] {processor.py:830} INFO - Processing file /opt/airflow/dags/corporate_ratings_dag.py for tasks to queue
[2026-06-08T20:06:15.809+0000] {logging_mixin.py:188} INFO - [2026-06-08T20:06:15.809+0000] {dagbag.py:545} INFO - Filling up the DagBag from /opt/airflow/dags/corporate_ratings_dag.py
[2026-06-08T20:06:15.815+0000] {processor.py:840} INFO - DAG(s) 'corporate_ratings_pipeline' retrieved from /opt/airflow/dags/corporate_ratings_dag.py
[2026-06-08T20:06:15.830+0000] {logging_mixin.py:188} INFO - [2026-06-08T20:06:15.829+0000] {dag.py:3089} INFO - Sync 1 DAGs
[2026-06-08T20:06:15.834+0000] {logging_mixin.py:188} INFO - [2026-06-08T20:06:15.834+0000] {dag.py:3947} INFO - Setting next_dagrun for corporate_ratings_pipeline to None, run_after=None
[2026-06-08T20:06:15.839+0000] {processor.py:183} INFO - Processing /opt/airflow/dags/corporate_ratings_dag.py took 0.039 seconds
[2026-06-08T20:06:46.049+0000] {processor.py:161} INFO - Started process (PID=228) to work on /opt/airflow/dags/corporate_ratings_dag.py
[2026-06-08T20:06:46.052+0000] {processor.py:830} INFO - Processing file /opt/airflow/dags/corporate_ratings_dag.py for tasks to queue
[2026-06-08T20:06:46.055+0000] {logging_mixin.py:188} INFO - [2026-06-08T20:06:46.054+0000] {dagbag.py:545} INFO - Filling up the DagBag from /opt/airflow/dags/corporate_ratings_dag.py
[2026-06-08T20:06:46.067+0000] {processor.py:840} INFO - DAG(s) 'corporate_ratings_pipeline' retrieved from /opt/airflow/dags/corporate_ratings_dag.py
[2026-06-08T20:06:46.079+0000] {logging_mixin.py:188} INFO - [2026-06-08T20:06:46.079+0000] {dag.py:3089} INFO - Sync 1 DAGs
[2026-06-08T20:06:46.091+0000] {logging_mixin.py:188} INFO - [2026-06-08T20:06:46.091+0000] {dag.py:3947} INFO - Setting next_dagrun for corporate_ratings_pipeline to None, run_after=None
[2026-06-08T20:06:46.099+0000] {processor.py:183} INFO - Processing /opt/airflow/dags/corporate_ratings_dag.py took 0.056 seconds
[2026-06-08T20:07:16.262+0000] {processor.py:161} INFO - Started process (PID=245) to work on /opt/airflow/dags/corporate_ratings_dag.py
[2026-06-08T20:07:16.265+0000] {processor.py:830} INFO - Processing file /opt/airflow/dags/corporate_ratings_dag.py for tasks to queue
[2026-06-08T20:07:16.268+0000] {logging_mixin.py:188} INFO - [2026-06-08T20:07:16.268+0000] {dagbag.py:545} INFO - Filling up the DagBag from /opt/airflow/dags/corporate_ratings_dag.py
[2026-06-08T20:07:16.283+0000] {processor.py:840} INFO - DAG(s) 'corporate_ratings_pipeline' retrieved from /opt/airflow/dags/corporate_ratings_dag.py
[2026-06-08T20:07:16.348+0000] {logging_mixin.py:188} INFO - [2026-06-08T20:07:16.348+0000] {dag.py:3089} INFO - Sync 1 DAGs
[2026-06-08T20:07:16.352+0000] {logging_mixin.py:188} INFO - [2026-06-08T20:07:16.352+0000] {dag.py:3947} INFO - Setting next_dagrun for corporate_ratings_pipeline to None, run_after=None
[2026-06-08T20:07:16.358+0000] {processor.py:183} INFO - Processing /opt/airflow/dags/corporate_ratings_dag.py took 0.103 seconds
[2026-06-08T20:07:46.481+0000] {processor.py:161} INFO - Started process (PID=262) to work on /opt/airflow/dags/corporate_ratings_dag.py
[2026-06-08T20:07:46.484+0000] {processor.py:830} INFO - Processing file /opt/airflow/dags/corporate_ratings_dag.py for tasks to queue
[2026-06-08T20:07:46.485+0000] {logging_mixin.py:188} INFO - [2026-06-08T20:07:46.485+0000] {dagbag.py:545} INFO - Filling up the DagBag from /opt/airflow/dags/corporate_ratings_dag.py
[2026-06-08T20:07:46.492+0000] {processor.py:840} INFO - DAG(s) 'corporate_ratings_pipeline' retrieved from /opt/airflow/dags/corporate_ratings_dag.py
[2026-06-08T20:07:46.508+0000] {logging_mixin.py:188} INFO - [2026-06-08T20:07:46.508+0000] {dag.py:3089} INFO - Sync 1 DAGs
[2026-06-08T20:07:46.513+0000] {logging_mixin.py:188} INFO - [2026-06-08T20:07:46.513+0000] {dag.py:3947} INFO - Setting next_dagrun for corporate_ratings_pipeline to None, run_after=None
[2026-06-08T20:07:46.519+0000] {processor.py:183} INFO - Processing /opt/airflow/dags/corporate_ratings_dag.py took 0.042 seconds
[2026-06-08T20:08:16.722+0000] {processor.py:161} INFO - Started process (PID=279) to work on /opt/airflow/dags/corporate_ratings_dag.py
[2026-06-08T20:08:16.725+0000] {processor.py:830} INFO - Processing file /opt/airflow/dags/corporate_ratings_dag.py for tasks to queue
[2026-06-08T20:08:16.727+0000] {logging_mixin.py:188} INFO - [2026-06-08T20:08:16.727+0000] {dagbag.py:545} INFO - Filling up the DagBag from /opt/airflow/dags/corporate_ratings_dag.py
[2026-06-08T20:08:16.743+0000] {processor.py:840} INFO - DAG(s) 'corporate_ratings_pipeline' retrieved from /opt/airflow/dags/corporate_ratings_dag.py
[2026-06-08T20:08:16.751+0000] {logging_mixin.py:188} INFO - [2026-06-08T20:08:16.751+0000] {dag.py:3089} INFO - Sync 1 DAGs
[2026-06-08T20:08:16.757+0000] {logging_mixin.py:188} INFO - [2026-06-08T20:08:16.757+0000] {dag.py:3947} INFO - Setting next_dagrun for corporate_ratings_pipeline to None, run_after=None
[2026-06-08T20:08:16.764+0000] {processor.py:183} INFO - Processing /opt/airflow/dags/corporate_ratings_dag.py took 0.047 seconds
[2026-06-08T20:08:46.967+0000] {processor.py:161} INFO - Started process (PID=296) to work on /opt/airflow/dags/corporate_ratings_dag.py
[2026-06-08T20:08:46.970+0000] {processor.py:830} INFO - Processing file /opt/airflow/dags/corporate_ratings_dag.py for tasks to queue
[2026-06-08T20:08:46.973+0000] {logging_mixin.py:188} INFO - [2026-06-08T20:08:46.972+0000] {dagbag.py:545} INFO - Filling up the DagBag from /opt/airflow/dags/corporate_ratings_dag.py
[2026-06-08T20:08:46.984+0000] {processor.py:840} INFO - DAG(s) 'corporate_ratings_pipeline' retrieved from /opt/airflow/dags/corporate_ratings_dag.py
[2026-06-08T20:08:47.037+0000] {logging_mixin.py:188} INFO - [2026-06-08T20:08:47.037+0000] {dag.py:3089} INFO - Sync 1 DAGs
[2026-06-08T20:08:47.040+0000] {logging_mixin.py:188} INFO - [2026-06-08T20:08:47.040+0000] {dag.py:3947} INFO - Setting next_dagrun for corporate_ratings_pipeline to None, run_after=None
[2026-06-08T20:08:47.047+0000] {processor.py:183} INFO - Processing /opt/airflow/dags/corporate_ratings_dag.py took 0.085 seconds
[2026-06-08T20:09:17.186+0000] {processor.py:161} INFO - Started process (PID=313) to work on /opt/airflow/dags/corporate_ratings_dag.py
[2026-06-08T20:09:17.190+0000] {processor.py:830} INFO - Processing file /opt/airflow/dags/corporate_ratings_dag.py for tasks to queue
[2026-06-08T20:09:17.191+0000] {logging_mixin.py:188} INFO - [2026-06-08T20:09:17.191+0000] {dagbag.py:545} INFO - Filling up the DagBag from /opt/airflow/dags/corporate_ratings_dag.py
[2026-06-08T20:09:17.198+0000] {processor.py:840} INFO - DAG(s) 'corporate_ratings_pipeline' retrieved from /opt/airflow/dags/corporate_ratings_dag.py
[2026-06-08T20:09:17.214+0000] {logging_mixin.py:188} INFO - [2026-06-08T20:09:17.214+0000] {dag.py:3089} INFO - Sync 1 DAGs
[2026-06-08T20:09:17.219+0000] {logging_mixin.py:188} INFO - [2026-06-08T20:09:17.219+0000] {dag.py:3947} INFO - Setting next_dagrun for corporate_ratings_pipeline to None, run_after=None
[2026-06-08T20:09:17.225+0000] {processor.py:183} INFO - Processing /opt/airflow/dags/corporate_ratings_dag.py took 0.043 seconds
[2026-06-08T20:09:47.412+0000] {processor.py:161} INFO - Started process (PID=330) to work on /opt/airflow/dags/corporate_ratings_dag.py
[2026-06-08T20:09:47.415+0000] {processor.py:830} INFO - Processing file /opt/airflow/dags/corporate_ratings_dag.py for tasks to queue
[2026-06-08T20:09:47.415+0000] {logging_mixin.py:188} INFO - [2026-06-08T20:09:47.415+0000] {dagbag.py:545} INFO - Filling up the DagBag from /opt/airflow/dags/corporate_ratings_dag.py
[2026-06-08T20:09:47.419+0000] {processor.py:840} INFO - DAG(s) 'corporate_ratings_pipeline' retrieved from /opt/airflow/dags/corporate_ratings_dag.py
[2026-06-08T20:09:47.424+0000] {logging_mixin.py:188} INFO - [2026-06-08T20:09:47.424+0000] {dag.py:3089} INFO - Sync 1 DAGs
[2026-06-08T20:09:47.429+0000] {logging_mixin.py:188} INFO - [2026-06-08T20:09:47.429+0000] {dag.py:3947} INFO - Setting next_dagrun for corporate_ratings_pipeline to None, run_after=None
[2026-06-08T20:09:47.434+0000] {processor.py:183} INFO - Processing /opt/airflow/dags/corporate_ratings_dag.py took 0.024 seconds
[2026-06-08T20:10:17.636+0000] {processor.py:161} INFO - Started process (PID=347) to work on /opt/airflow/dags/corporate_ratings_dag.py
[2026-06-08T20:10:17.639+0000] {processor.py:830} INFO - Processing file /opt/airflow/dags/corporate_ratings_dag.py for tasks to queue
[2026-06-08T20:10:17.640+0000] {logging_mixin.py:188} INFO - [2026-06-08T20:10:17.640+0000] {dagbag.py:545} INFO - Filling up the DagBag from /opt/airflow/dags/corporate_ratings_dag.py
[2026-06-08T20:10:17.647+0000] {processor.py:840} INFO - DAG(s) 'corporate_ratings_pipeline' retrieved from /opt/airflow/dags/corporate_ratings_dag.py
[2026-06-08T20:10:17.693+0000] {logging_mixin.py:188} INFO - [2026-06-08T20:10:17.693+0000] {dag.py:3089} INFO - Sync 1 DAGs
[2026-06-08T20:10:17.697+0000] {logging_mixin.py:188} INFO - [2026-06-08T20:10:17.697+0000] {dag.py:3947} INFO - Setting next_dagrun for corporate_ratings_pipeline to None, run_after=None
[2026-06-08T20:10:17.702+0000] {processor.py:183} INFO - Processing /opt/airflow/dags/corporate_ratings_dag.py took 0.069 seconds
[2026-06-08T20:10:47.870+0000] {processor.py:161} INFO - Started process (PID=364) to work on /opt/airflow/dags/corporate_ratings_dag.py
[2026-06-08T20:10:47.870+0000] {processor.py:830} INFO - Processing file /opt/airflow/dags/corporate_ratings_dag.py for tasks to queue
[2026-06-08T20:10:47.872+0000] {logging_mixin.py:188} INFO - [2026-06-08T20:10:47.872+0000] {dagbag.py:545} INFO - Filling up the DagBag from /opt/airflow/dags/corporate_ratings_dag.py
[2026-06-08T20:10:47.880+0000] {processor.py:840} INFO - DAG(s) 'corporate_ratings_pipeline' retrieved from /opt/airflow/dags/corporate_ratings_dag.py
[2026-06-08T20:10:47.896+0000] {logging_mixin.py:188} INFO - [2026-06-08T20:10:47.896+0000] {dag.py:3089} INFO - Sync 1 DAGs
[2026-06-08T20:10:47.901+0000] {logging_mixin.py:188} INFO - [2026-06-08T20:10:47.901+0000] {dag.py:3947} INFO - Setting next_dagrun for corporate_ratings_pipeline to None, run_after=None
[2026-06-08T20:10:47.908+0000] {processor.py:183} INFO - Processing /opt/airflow/dags/corporate_ratings_dag.py took 0.042 seconds
[2026-06-08T20:11:18.103+0000] {processor.py:161} INFO - Started process (PID=381) to work on /opt/airflow/dags/corporate_ratings_dag.py
[2026-06-08T20:11:18.105+0000] {processor.py:830} INFO - Processing file /opt/airflow/dags/corporate_ratings_dag.py for tasks to queue
[2026-06-08T20:11:18.106+0000] {logging_mixin.py:188} INFO - [2026-06-08T20:11:18.106+0000] {dagbag.py:545} INFO - Filling up the DagBag from /opt/airflow/dags/corporate_ratings_dag.py
[2026-06-08T20:11:18.110+0000] {processor.py:840} INFO - DAG(s) 'corporate_ratings_pipeline' retrieved from /opt/airflow/dags/corporate_ratings_dag.py
[2026-06-08T20:11:18.116+0000] {logging_mixin.py:188} INFO - [2026-06-08T20:11:18.116+0000] {dag.py:3089} INFO - Sync 1 DAGs
[2026-06-08T20:11:18.121+0000] {logging_mixin.py:188} INFO - [2026-06-08T20:11:18.121+0000] {dag.py:3947} INFO - Setting next_dagrun for corporate_ratings_pipeline to None, run_after=None
[2026-06-08T20:11:18.127+0000] {processor.py:183} INFO - Processing /opt/airflow/dags/corporate_ratings_dag.py took 0.027 seconds
[2026-06-08T20:11:48.366+0000] {processor.py:161} INFO - Started process (PID=398) to work on /opt/airflow/dags/corporate_ratings_dag.py
[2026-06-08T20:11:48.368+0000] {processor.py:830} INFO - Processing file /opt/airflow/dags/corporate_ratings_dag.py for tasks to queue
[2026-06-08T20:11:48.369+0000] {logging_mixin.py:188} INFO - [2026-06-08T20:11:48.369+0000] {dagbag.py:545} INFO - Filling up the DagBag from /opt/airflow/dags/corporate_ratings_dag.py
[2026-06-08T20:11:48.375+0000] {processor.py:840} INFO - DAG(s) 'corporate_ratings_pipeline' retrieved from /opt/airflow/dags/corporate_ratings_dag.py
[2026-06-08T20:11:48.433+0000] {logging_mixin.py:188} INFO - [2026-06-08T20:11:48.433+0000] {dag.py:3089} INFO - Sync 1 DAGs
[2026-06-08T20:11:48.437+0000] {logging_mixin.py:188} INFO - [2026-06-08T20:11:48.437+0000] {dag.py:3947} INFO - Setting next_dagrun for corporate_ratings_pipeline to None, run_after=None
[2026-06-08T20:11:48.443+0000] {processor.py:183} INFO - Processing /opt/airflow/dags/corporate_ratings_dag.py took 0.080 seconds
[2026-06-08T20:12:18.591+0000] {processor.py:161} INFO - Started process (PID=415) to work on /opt/airflow/dags/corporate_ratings_dag.py
[2026-06-08T20:12:18.592+0000] {processor.py:830} INFO - Processing file /opt/airflow/dags/corporate_ratings_dag.py for tasks to queue
[2026-06-08T20:12:18.593+0000] {logging_mixin.py:188} INFO - [2026-06-08T20:12:18.593+0000] {dagbag.py:545} INFO - Filling up the DagBag from /opt/airflow/dags/corporate_ratings_dag.py
[2026-06-08T20:12:18.602+0000] {processor.py:840} INFO - DAG(s) 'corporate_ratings_pipeline' retrieved from /opt/airflow/dags/corporate_ratings_dag.py
[2026-06-08T20:12:18.626+0000] {logging_mixin.py:188} INFO - [2026-06-08T20:12:18.625+0000] {dag.py:3089} INFO - Sync 1 DAGs
[2026-06-08T20:12:18.635+0000] {logging_mixin.py:188} INFO - [2026-06-08T20:12:18.635+0000] {dag.py:3947} INFO - Setting next_dagrun for corporate_ratings_pipeline to None, run_after=None
[2026-06-08T20:12:18.643+0000] {processor.py:183} INFO - Processing /opt/airflow/dags/corporate_ratings_dag.py took 0.058 seconds
[2026-06-08T20:12:48.838+0000] {processor.py:161} INFO - Started process (PID=432) to work on /opt/airflow/dags/corporate_ratings_dag.py
[2026-06-08T20:12:48.839+0000] {processor.py:830} INFO - Processing file /opt/airflow/dags/corporate_ratings_dag.py for tasks to queue
[2026-06-08T20:12:48.841+0000] {logging_mixin.py:188} INFO - [2026-06-08T20:12:48.841+0000] {dagbag.py:545} INFO - Filling up the DagBag from /opt/airflow/dags/corporate_ratings_dag.py
[2026-06-08T20:12:48.859+0000] {processor.py:840} INFO - DAG(s) 'corporate_ratings_pipeline' retrieved from /opt/airflow/dags/corporate_ratings_dag.py
[2026-06-08T20:12:48.868+0000] {logging_mixin.py:188} INFO - [2026-06-08T20:12:48.868+0000] {dag.py:3089} INFO - Sync 1 DAGs
[2026-06-08T20:12:48.875+0000] {logging_mixin.py:188} INFO - [2026-06-08T20:12:48.875+0000] {dag.py:3947} INFO - Setting next_dagrun for corporate_ratings_pipeline to None, run_after=None
[2026-06-08T20:12:48.882+0000] {processor.py:183} INFO - Processing /opt/airflow/dags/corporate_ratings_dag.py took 0.050 seconds
[2026-06-08T20:13:19.077+0000] {processor.py:161} INFO - Started process (PID=449) to work on /opt/airflow/dags/corporate_ratings_dag.py
[2026-06-08T20:13:19.080+0000] {processor.py:830} INFO - Processing file /opt/airflow/dags/corporate_ratings_dag.py for tasks to queue
[2026-06-08T20:13:19.082+0000] {logging_mixin.py:188} INFO - [2026-06-08T20:13:19.081+0000] {dagbag.py:545} INFO - Filling up the DagBag from /opt/airflow/dags/corporate_ratings_dag.py
[2026-06-08T20:13:19.092+0000] {processor.py:840} INFO - DAG(s) 'corporate_ratings_pipeline' retrieved from /opt/airflow/dags/corporate_ratings_dag.py
[2026-06-08T20:13:19.143+0000] {logging_mixin.py:188} INFO - [2026-06-08T20:13:19.143+0000] {dag.py:3089} INFO - Sync 1 DAGs
[2026-06-08T20:13:19.147+0000] {logging_mixin.py:188} INFO - [2026-06-08T20:13:19.147+0000] {dag.py:3947} INFO - Setting next_dagrun for corporate_ratings_pipeline to None, run_after=None
[2026-06-08T20:13:19.153+0000] {processor.py:183} INFO - Processing /opt/airflow/dags/corporate_ratings_dag.py took 0.082 seconds
[2026-06-08T20:13:49.260+0000] {processor.py:161} INFO - Started process (PID=466) to work on /opt/airflow/dags/corporate_ratings_dag.py
[2026-06-08T20:13:49.263+0000] {processor.py:830} INFO - Processing file /opt/airflow/dags/corporate_ratings_dag.py for tasks to queue
[2026-06-08T20:13:49.265+0000] {logging_mixin.py:188} INFO - [2026-06-08T20:13:49.265+0000] {dagbag.py:545} INFO - Filling up the DagBag from /opt/airflow/dags/corporate_ratings_dag.py
[2026-06-08T20:13:49.276+0000] {processor.py:840} INFO - DAG(s) 'corporate_ratings_pipeline' retrieved from /opt/airflow/dags/corporate_ratings_dag.py
[2026-06-08T20:13:49.298+0000] {logging_mixin.py:188} INFO - [2026-06-08T20:13:49.298+0000] {dag.py:3089} INFO - Sync 1 DAGs
[2026-06-08T20:13:49.303+0000] {logging_mixin.py:188} INFO - [2026-06-08T20:13:49.303+0000] {dag.py:3947} INFO - Setting next_dagrun for corporate_ratings_pipeline to None, run_after=None
[2026-06-08T20:13:49.310+0000] {processor.py:183} INFO - Processing /opt/airflow/dags/corporate_ratings_dag.py took 0.055 seconds
