[2026-06-08T20:05:45.382+0000] {processor.py:161} INFO - Started process (PID=175) to work on /opt/airflow/dags/corporate_ratings_dag_integration.py
[2026-06-08T20:05:45.382+0000] {processor.py:830} INFO - Processing file /opt/airflow/dags/corporate_ratings_dag_integration.py for tasks to queue
[2026-06-08T20:05:45.383+0000] {logging_mixin.py:188} INFO - [2026-06-08T20:05:45.383+0000] {dagbag.py:545} INFO - Filling up the DagBag from /opt/airflow/dags/corporate_ratings_dag_integration.py
[2026-06-08T20:05:45.405+0000] {processor.py:840} INFO - DAG(s) 'corporate_ratings_pipeline_integration', 'corporate_ratings_pipeline' retrieved from /opt/airflow/dags/corporate_ratings_dag_integration.py
[2026-06-08T20:05:45.561+0000] {logging_mixin.py:188} INFO - [2026-06-08T20:05:45.561+0000] {override.py:1858} INFO - Created Permission View: can read on DAG:corporate_ratings_pipeline_integration
[2026-06-08T20:05:45.571+0000] {logging_mixin.py:188} INFO - [2026-06-08T20:05:45.571+0000] {override.py:1858} INFO - Created Permission View: can delete on DAG:corporate_ratings_pipeline_integration
[2026-06-08T20:05:45.575+0000] {logging_mixin.py:188} INFO - [2026-06-08T20:05:45.575+0000] {override.py:1858} INFO - Created Permission View: can edit on DAG:corporate_ratings_pipeline_integration
[2026-06-08T20:05:45.576+0000] {logging_mixin.py:188} INFO - [2026-06-08T20:05:45.576+0000] {dag.py:3089} INFO - Sync 2 DAGs
[2026-06-08T20:05:45.580+0000] {logging_mixin.py:188} INFO - [2026-06-08T20:05:45.580+0000] {dag.py:3111} INFO - Creating ORM DAG for corporate_ratings_pipeline
[2026-06-08T20:05:45.580+0000] {logging_mixin.py:188} INFO - [2026-06-08T20:05:45.580+0000] {dag.py:3111} INFO - Creating ORM DAG for corporate_ratings_pipeline_integration
[2026-06-08T20:05:45.581+0000] {logging_mixin.py:188} INFO - [2026-06-08T20:05:45.580+0000] {dag.py:3947} INFO - Setting next_dagrun for corporate_ratings_pipeline to None, run_after=None
[2026-06-08T20:05:45.581+0000] {logging_mixin.py:188} INFO - [2026-06-08T20:05:45.581+0000] {dag.py:3947} INFO - Setting next_dagrun for corporate_ratings_pipeline_integration to None, run_after=None
[2026-06-08T20:05:45.897+0000] {logging_mixin.py:188} INFO - [2026-06-08T20:05:45.896+0000] {dagbag.py:654} ERROR - Failed to write serialized DAG: /opt/airflow/dags/corporate_ratings_dag_integration.py
Traceback (most recent call last):
  File "/home/airflow/.local/lib/python3.12/site-packages/airflow/models/dagbag.py", line 642, in _serialize_dag_capturing_errors
    dag_was_updated = SerializedDagModel.write_dag(
                      ^^^^^^^^^^^^^^^^^^^^^^^^^^^^^
  File "/home/airflow/.local/lib/python3.12/site-packages/airflow/utils/session.py", line 76, in wrapper
    return func(*args, **kwargs)
           ^^^^^^^^^^^^^^^^^^^^^
  File "/home/airflow/.local/lib/python3.12/site-packages/airflow/models/serialized_dag.py", line 158, in write_dag
    if session.scalar(
       ^^^^^^^^^^^^^^^
  File "/home/airflow/.local/lib/python3.12/site-packages/sqlalchemy/orm/session.py", line 1747, in scalar
    return self.execute(
           ^^^^^^^^^^^^^
  File "/home/airflow/.local/lib/python3.12/site-packages/sqlalchemy/orm/session.py", line 1716, in execute
    conn = self._connection_for_bind(bind)
           ^^^^^^^^^^^^^^^^^^^^^^^^^^^^^^^
  File "/home/airflow/.local/lib/python3.12/site-packages/sqlalchemy/orm/session.py", line 1555, in _connection_for_bind
    return self._transaction._connection_for_bind(
           ^^^^^^^^^^^^^^^^^^^^^^^^^^^^^^^^^^^^^^^
  File "/home/airflow/.local/lib/python3.12/site-packages/sqlalchemy/orm/session.py", line 724, in _connection_for_bind
    self._assert_active()
  File "/home/airflow/.local/lib/python3.12/site-packages/sqlalchemy/orm/session.py", line 604, in _assert_active
    raise sa_exc.PendingRollbackError(
sqlalchemy.exc.PendingRollbackError: This Session's transaction has been rolled back due to a previous exception during flush. To begin a new transaction with this Session, first issue Session.rollback(). Original exception was: (psycopg2.errors.UniqueViolation) duplicate key value violates unique constraint "dag_pkey"
DETAIL:  Key (dag_id)=(corporate_ratings_pipeline) already exists.

[SQL: INSERT INTO dag (dag_id, root_dag_id, is_paused, is_subdag, is_active, last_parsed_time, last_pickled, last_expired, scheduler_lock, pickle_id, fileloc, processor_subdir, owners, dag_display_name, description, default_view, schedule_interval, timetable_description, dataset_expression, max_active_tasks, max_active_runs, max_consecutive_failed_dag_runs, has_task_concurrency_limits, has_import_errors, next_dagrun, next_dagrun_data_interval_start, next_dagrun_data_interval_end, next_dagrun_create_after) VALUES (%(dag_id)s, %(root_dag_id)s, %(is_paused)s, %(is_subdag)s, %(is_active)s, %(last_parsed_time)s, %(last_pickled)s, %(last_expired)s, %(scheduler_lock)s, %(pickle_id)s, %(fileloc)s, %(processor_subdir)s, %(owners)s, %(dag_display_name)s, %(description)s, %(default_view)s, %(schedule_interval)s, %(timetable_description)s, %(dataset_expression)s, %(max_active_tasks)s, %(max_active_runs)s, %(max_consecutive_failed_dag_runs)s, %(has_task_concurrency_limits)s, %(has_import_errors)s, %(next_dagrun)s, %(next_dagrun_data_interval_start)s, %(next_dagrun_data_interval_end)s, %(next_dagrun_create_after)s)]
[parameters: ({'dag_id': 'corporate_ratings_pipeline', 'root_dag_id': None, 'is_paused': True, 'is_subdag': False, 'is_active': True, 'last_parsed_time': datetime.datetime(2026, 6, 8, 20, 5, 45, 580904, tzinfo=Timezone('UTC')), 'last_pickled': None, 'last_expired': None, 'scheduler_lock': None, 'pickle_id': None, 'fileloc': '/opt/airflow/dags/corporate_ratings_dag_integration.py', 'processor_subdir': '/opt/airflow/dags', 'owners': 'data_engineering', 'dag_display_name': None, 'description': 'ETL pipeline: extract → validate → transform → load corporate rating Excel files', 'default_view': 'grid', 'schedule_interval': 'null', 'timetable_description': 'Never, external triggers only', 'dataset_expression': 'null', 'max_active_tasks': 16, 'max_active_runs': 1, 'max_consecutive_failed_dag_runs': 0, 'has_task_concurrency_limits': False, 'has_import_errors': False, 'next_dagrun': None, 'next_dagrun_data_interval_start': None, 'next_dagrun_data_interval_end': None, 'next_dagrun_create_after': None}, {'dag_id': 'corporate_ratings_pipeline_integration', 'root_dag_id': None, 'is_paused': True, 'is_subdag': False, 'is_active': True, 'last_parsed_time': datetime.datetime(2026, 6, 8, 20, 5, 45, 581175, tzinfo=Timezone('UTC')), 'last_pickled': None, 'last_expired': None, 'scheduler_lock': None, 'pickle_id': None, 'fileloc': '/opt/airflow/dags/corporate_ratings_dag_integration.py', 'processor_subdir': '/opt/airflow/dags', 'owners': 'data_engineering', 'dag_display_name': None, 'description': 'ETL pipeline: extract → validate → transform → load corporate rating Excel files', 'default_view': 'grid', 'schedule_interval': 'null', 'timetable_description': 'Never, external triggers only', 'dataset_expression': 'null', 'max_active_tasks': 16, 'max_active_runs': 1, 'max_consecutive_failed_dag_runs': 0, 'has_task_concurrency_limits': False, 'has_import_errors': False, 'next_dagrun': None, 'next_dagrun_data_interval_start': None, 'next_dagrun_data_interval_end': None, 'next_dagrun_create_after': None})]
(Background on this error at: https://sqlalche.me/e/14/gkpj) (Background on this error at: https://sqlalche.me/e/14/7s2a)
[2026-06-08T20:05:45.898+0000] {logging_mixin.py:188} INFO - [2026-06-08T20:05:45.897+0000] {dagbag.py:654} ERROR - Failed to write serialized DAG: /opt/airflow/dags/corporate_ratings_dag_integration.py
Traceback (most recent call last):
  File "/home/airflow/.local/lib/python3.12/site-packages/airflow/models/dagbag.py", line 642, in _serialize_dag_capturing_errors
    dag_was_updated = SerializedDagModel.write_dag(
                      ^^^^^^^^^^^^^^^^^^^^^^^^^^^^^
  File "/home/airflow/.local/lib/python3.12/site-packages/airflow/utils/session.py", line 76, in wrapper
    return func(*args, **kwargs)
           ^^^^^^^^^^^^^^^^^^^^^
  File "/home/airflow/.local/lib/python3.12/site-packages/airflow/models/serialized_dag.py", line 158, in write_dag
    if session.scalar(
       ^^^^^^^^^^^^^^^
  File "/home/airflow/.local/lib/python3.12/site-packages/sqlalchemy/orm/session.py", line 1747, in scalar
    return self.execute(
           ^^^^^^^^^^^^^
  File "/home/airflow/.local/lib/python3.12/site-packages/sqlalchemy/orm/session.py", line 1716, in execute
    conn = self._connection_for_bind(bind)
           ^^^^^^^^^^^^^^^^^^^^^^^^^^^^^^^
  File "/home/airflow/.local/lib/python3.12/site-packages/sqlalchemy/orm/session.py", line 1555, in _connection_for_bind
    return self._transaction._connection_for_bind(
           ^^^^^^^^^^^^^^^^^^^^^^^^^^^^^^^^^^^^^^^
  File "/home/airflow/.local/lib/python3.12/site-packages/sqlalchemy/orm/session.py", line 724, in _connection_for_bind
    self._assert_active()
  File "/home/airflow/.local/lib/python3.12/site-packages/sqlalchemy/orm/session.py", line 604, in _assert_active
    raise sa_exc.PendingRollbackError(
sqlalchemy.exc.PendingRollbackError: This Session's transaction has been rolled back due to a previous exception during flush. To begin a new transaction with this Session, first issue Session.rollback(). Original exception was: (psycopg2.errors.UniqueViolation) duplicate key value violates unique constraint "dag_pkey"
DETAIL:  Key (dag_id)=(corporate_ratings_pipeline) already exists.

[SQL: INSERT INTO dag (dag_id, root_dag_id, is_paused, is_subdag, is_active, last_parsed_time, last_pickled, last_expired, scheduler_lock, pickle_id, fileloc, processor_subdir, owners, dag_display_name, description, default_view, schedule_interval, timetable_description, dataset_expression, max_active_tasks, max_active_runs, max_consecutive_failed_dag_runs, has_task_concurrency_limits, has_import_errors, next_dagrun, next_dagrun_data_interval_start, next_dagrun_data_interval_end, next_dagrun_create_after) VALUES (%(dag_id)s, %(root_dag_id)s, %(is_paused)s, %(is_subdag)s, %(is_active)s, %(last_parsed_time)s, %(last_pickled)s, %(last_expired)s, %(scheduler_lock)s, %(pickle_id)s, %(fileloc)s, %(processor_subdir)s, %(owners)s, %(dag_display_name)s, %(description)s, %(default_view)s, %(schedule_interval)s, %(timetable_description)s, %(dataset_expression)s, %(max_active_tasks)s, %(max_active_runs)s, %(max_consecutive_failed_dag_runs)s, %(has_task_concurrency_limits)s, %(has_import_errors)s, %(next_dagrun)s, %(next_dagrun_data_interval_start)s, %(next_dagrun_data_interval_end)s, %(next_dagrun_create_after)s)]
[parameters: ({'dag_id': 'corporate_ratings_pipeline', 'root_dag_id': None, 'is_paused': True, 'is_subdag': False, 'is_active': True, 'last_parsed_time': datetime.datetime(2026, 6, 8, 20, 5, 45, 580904, tzinfo=Timezone('UTC')), 'last_pickled': None, 'last_expired': None, 'scheduler_lock': None, 'pickle_id': None, 'fileloc': '/opt/airflow/dags/corporate_ratings_dag_integration.py', 'processor_subdir': '/opt/airflow/dags', 'owners': 'data_engineering', 'dag_display_name': None, 'description': 'ETL pipeline: extract → validate → transform → load corporate rating Excel files', 'default_view': 'grid', 'schedule_interval': 'null', 'timetable_description': 'Never, external triggers only', 'dataset_expression': 'null', 'max_active_tasks': 16, 'max_active_runs': 1, 'max_consecutive_failed_dag_runs': 0, 'has_task_concurrency_limits': False, 'has_import_errors': False, 'next_dagrun': None, 'next_dagrun_data_interval_start': None, 'next_dagrun_data_interval_end': None, 'next_dagrun_create_after': None}, {'dag_id': 'corporate_ratings_pipeline_integration', 'root_dag_id': None, 'is_paused': True, 'is_subdag': False, 'is_active': True, 'last_parsed_time': datetime.datetime(2026, 6, 8, 20, 5, 45, 581175, tzinfo=Timezone('UTC')), 'last_pickled': None, 'last_expired': None, 'scheduler_lock': None, 'pickle_id': None, 'fileloc': '/opt/airflow/dags/corporate_ratings_dag_integration.py', 'processor_subdir': '/opt/airflow/dags', 'owners': 'data_engineering', 'dag_display_name': None, 'description': 'ETL pipeline: extract → validate → transform → load corporate rating Excel files', 'default_view': 'grid', 'schedule_interval': 'null', 'timetable_description': 'Never, external triggers only', 'dataset_expression': 'null', 'max_active_tasks': 16, 'max_active_runs': 1, 'max_consecutive_failed_dag_runs': 0, 'has_task_concurrency_limits': False, 'has_import_errors': False, 'next_dagrun': None, 'next_dagrun_data_interval_start': None, 'next_dagrun_data_interval_end': None, 'next_dagrun_create_after': None})]
(Background on this error at: https://sqlalche.me/e/14/gkpj) (Background on this error at: https://sqlalche.me/e/14/7s2a)
[2026-06-08T20:05:45.898+0000] {logging_mixin.py:188} INFO - [2026-06-08T20:05:45.898+0000] {dag.py:3089} INFO - Sync 2 DAGs
[2026-06-08T20:05:45.898+0000] {processor.py:186} ERROR - Got an exception! Propagating...
Traceback (most recent call last):
  File "/home/airflow/.local/lib/python3.12/site-packages/airflow/dag_processing/processor.py", line 182, in _run_file_processor
    _handle_dag_file_processing()
  File "/home/airflow/.local/lib/python3.12/site-packages/airflow/dag_processing/processor.py", line 163, in _handle_dag_file_processing
    result: tuple[int, int] = dag_file_processor.process_file(
                              ^^^^^^^^^^^^^^^^^^^^^^^^^^^^^^^^
  File "/home/airflow/.local/lib/python3.12/site-packages/airflow/utils/session.py", line 79, in wrapper
    return func(*args, session=session, **kwargs)
           ^^^^^^^^^^^^^^^^^^^^^^^^^^^^^^^^^^^^^^
  File "/home/airflow/.local/lib/python3.12/site-packages/airflow/dag_processing/processor.py", line 859, in process_file
    serialize_errors = DagFileProcessor.save_dag_to_db(
                       ^^^^^^^^^^^^^^^^^^^^^^^^^^^^^^^^
  File "/home/airflow/.local/lib/python3.12/site-packages/airflow/api_internal/internal_api_call.py", line 115, in wrapper
    return func(*args, **kwargs)
           ^^^^^^^^^^^^^^^^^^^^^
  File "/home/airflow/.local/lib/python3.12/site-packages/airflow/utils/session.py", line 79, in wrapper
    return func(*args, session=session, **kwargs)
           ^^^^^^^^^^^^^^^^^^^^^^^^^^^^^^^^^^^^^^
  File "/home/airflow/.local/lib/python3.12/site-packages/airflow/dag_processing/processor.py", line 895, in save_dag_to_db
    import_errors = DagBag._sync_to_db(dags=dags, processor_subdir=dag_directory, session=session)
                    ^^^^^^^^^^^^^^^^^^^^^^^^^^^^^^^^^^^^^^^^^^^^^^^^^^^^^^^^^^^^^^^^^^^^^^^^^^^^^^
  File "/home/airflow/.local/lib/python3.12/site-packages/airflow/utils/session.py", line 76, in wrapper
    return func(*args, **kwargs)
           ^^^^^^^^^^^^^^^^^^^^^
  File "/home/airflow/.local/lib/python3.12/site-packages/airflow/models/dagbag.py", line 664, in _sync_to_db
    for attempt in run_with_db_retries(logger=log):
  File "/home/airflow/.local/lib/python3.12/site-packages/tenacity/__init__.py", line 443, in __iter__
    do = self.iter(retry_state=retry_state)
         ^^^^^^^^^^^^^^^^^^^^^^^^^^^^^^^^^^
  File "/home/airflow/.local/lib/python3.12/site-packages/tenacity/__init__.py", line 376, in iter
    result = action(retry_state)
             ^^^^^^^^^^^^^^^^^^^
  File "/home/airflow/.local/lib/python3.12/site-packages/tenacity/__init__.py", line 398, in <lambda>
    self._add_action_func(lambda rs: rs.outcome.result())
                                     ^^^^^^^^^^^^^^^^^^^
  File "/usr/local/lib/python3.12/concurrent/futures/_base.py", line 449, in result
    return self.__get_result()
           ^^^^^^^^^^^^^^^^^^^
  File "/usr/local/lib/python3.12/concurrent/futures/_base.py", line 401, in __get_result
    raise self._exception
  File "/home/airflow/.local/lib/python3.12/site-packages/airflow/models/dagbag.py", line 680, in _sync_to_db
    DAG.bulk_write_to_db(dags.values(), processor_subdir=processor_subdir, session=session)
  File "/home/airflow/.local/lib/python3.12/site-packages/airflow/utils/session.py", line 76, in wrapper
    return func(*args, **kwargs)
           ^^^^^^^^^^^^^^^^^^^^^
  File "/home/airflow/.local/lib/python3.12/site-packages/airflow/models/dag.py", line 3101, in bulk_write_to_db
    orm_dags: list[DagModel] = session.scalars(query).unique().all()
                               ^^^^^^^^^^^^^^^^^^^^^^
  File "/home/airflow/.local/lib/python3.12/site-packages/sqlalchemy/orm/session.py", line 1778, in scalars
    return self.execute(
           ^^^^^^^^^^^^^
  File "/home/airflow/.local/lib/python3.12/site-packages/sqlalchemy/orm/session.py", line 1716, in execute
    conn = self._connection_for_bind(bind)
           ^^^^^^^^^^^^^^^^^^^^^^^^^^^^^^^
  File "/home/airflow/.local/lib/python3.12/site-packages/sqlalchemy/orm/session.py", line 1555, in _connection_for_bind
    return self._transaction._connection_for_bind(
           ^^^^^^^^^^^^^^^^^^^^^^^^^^^^^^^^^^^^^^^
  File "/home/airflow/.local/lib/python3.12/site-packages/sqlalchemy/orm/session.py", line 724, in _connection_for_bind
    self._assert_active()
  File "/home/airflow/.local/lib/python3.12/site-packages/sqlalchemy/orm/session.py", line 604, in _assert_active
    raise sa_exc.PendingRollbackError(
sqlalchemy.exc.PendingRollbackError: This Session's transaction has been rolled back due to a previous exception during flush. To begin a new transaction with this Session, first issue Session.rollback(). Original exception was: (psycopg2.errors.UniqueViolation) duplicate key value violates unique constraint "dag_pkey"
DETAIL:  Key (dag_id)=(corporate_ratings_pipeline) already exists.

[SQL: INSERT INTO dag (dag_id, root_dag_id, is_paused, is_subdag, is_active, last_parsed_time, last_pickled, last_expired, scheduler_lock, pickle_id, fileloc, processor_subdir, owners, dag_display_name, description, default_view, schedule_interval, timetable_description, dataset_expression, max_active_tasks, max_active_runs, max_consecutive_failed_dag_runs, has_task_concurrency_limits, has_import_errors, next_dagrun, next_dagrun_data_interval_start, next_dagrun_data_interval_end, next_dagrun_create_after) VALUES (%(dag_id)s, %(root_dag_id)s, %(is_paused)s, %(is_subdag)s, %(is_active)s, %(last_parsed_time)s, %(last_pickled)s, %(last_expired)s, %(scheduler_lock)s, %(pickle_id)s, %(fileloc)s, %(processor_subdir)s, %(owners)s, %(dag_display_name)s, %(description)s, %(default_view)s, %(schedule_interval)s, %(timetable_description)s, %(dataset_expression)s, %(max_active_tasks)s, %(max_active_runs)s, %(max_consecutive_failed_dag_runs)s, %(has_task_concurrency_limits)s, %(has_import_errors)s, %(next_dagrun)s, %(next_dagrun_data_interval_start)s, %(next_dagrun_data_interval_end)s, %(next_dagrun_create_after)s)]
[parameters: ({'dag_id': 'corporate_ratings_pipeline', 'root_dag_id': None, 'is_paused': True, 'is_subdag': False, 'is_active': True, 'last_parsed_time': datetime.datetime(2026, 6, 8, 20, 5, 45, 580904, tzinfo=Timezone('UTC')), 'last_pickled': None, 'last_expired': None, 'scheduler_lock': None, 'pickle_id': None, 'fileloc': '/opt/airflow/dags/corporate_ratings_dag_integration.py', 'processor_subdir': '/opt/airflow/dags', 'owners': 'data_engineering', 'dag_display_name': None, 'description': 'ETL pipeline: extract → validate → transform → load corporate rating Excel files', 'default_view': 'grid', 'schedule_interval': 'null', 'timetable_description': 'Never, external triggers only', 'dataset_expression': 'null', 'max_active_tasks': 16, 'max_active_runs': 1, 'max_consecutive_failed_dag_runs': 0, 'has_task_concurrency_limits': False, 'has_import_errors': False, 'next_dagrun': None, 'next_dagrun_data_interval_start': None, 'next_dagrun_data_interval_end': None, 'next_dagrun_create_after': None}, {'dag_id': 'corporate_ratings_pipeline_integration', 'root_dag_id': None, 'is_paused': True, 'is_subdag': False, 'is_active': True, 'last_parsed_time': datetime.datetime(2026, 6, 8, 20, 5, 45, 581175, tzinfo=Timezone('UTC')), 'last_pickled': None, 'last_expired': None, 'scheduler_lock': None, 'pickle_id': None, 'fileloc': '/opt/airflow/dags/corporate_ratings_dag_integration.py', 'processor_subdir': '/opt/airflow/dags', 'owners': 'data_engineering', 'dag_display_name': None, 'description': 'ETL pipeline: extract → validate → transform → load corporate rating Excel files', 'default_view': 'grid', 'schedule_interval': 'null', 'timetable_description': 'Never, external triggers only', 'dataset_expression': 'null', 'max_active_tasks': 16, 'max_active_runs': 1, 'max_consecutive_failed_dag_runs': 0, 'has_task_concurrency_limits': False, 'has_import_errors': False, 'next_dagrun': None, 'next_dagrun_data_interval_start': None, 'next_dagrun_data_interval_end': None, 'next_dagrun_create_after': None})]
(Background on this error at: https://sqlalche.me/e/14/gkpj) (Background on this error at: https://sqlalche.me/e/14/7s2a)
[2026-06-08T20:06:16.808+0000] {processor.py:161} INFO - Started process (PID=206) to work on /opt/airflow/dags/corporate_ratings_dag_integration.py
[2026-06-08T20:06:16.809+0000] {processor.py:830} INFO - Processing file /opt/airflow/dags/corporate_ratings_dag_integration.py for tasks to queue
[2026-06-08T20:06:16.809+0000] {logging_mixin.py:188} INFO - [2026-06-08T20:06:16.809+0000] {dagbag.py:545} INFO - Filling up the DagBag from /opt/airflow/dags/corporate_ratings_dag_integration.py
[2026-06-08T20:06:16.813+0000] {processor.py:840} INFO - DAG(s) 'corporate_ratings_pipeline', 'corporate_ratings_pipeline_integration' retrieved from /opt/airflow/dags/corporate_ratings_dag_integration.py
[2026-06-08T20:06:16.852+0000] {logging_mixin.py:188} INFO - [2026-06-08T20:06:16.852+0000] {dag.py:3089} INFO - Sync 2 DAGs
[2026-06-08T20:06:16.855+0000] {logging_mixin.py:188} INFO - [2026-06-08T20:06:16.855+0000] {dag.py:3111} INFO - Creating ORM DAG for corporate_ratings_pipeline_integration
[2026-06-08T20:06:16.855+0000] {logging_mixin.py:188} INFO - [2026-06-08T20:06:16.855+0000] {dag.py:3947} INFO - Setting next_dagrun for corporate_ratings_pipeline to None, run_after=None
[2026-06-08T20:06:16.856+0000] {logging_mixin.py:188} INFO - [2026-06-08T20:06:16.856+0000] {dag.py:3947} INFO - Setting next_dagrun for corporate_ratings_pipeline_integration to None, run_after=None
[2026-06-08T20:06:16.862+0000] {processor.py:183} INFO - Processing /opt/airflow/dags/corporate_ratings_dag_integration.py took 0.056 seconds
[2026-06-08T20:06:47.052+0000] {processor.py:161} INFO - Started process (PID=233) to work on /opt/airflow/dags/corporate_ratings_dag_integration.py
[2026-06-08T20:06:47.052+0000] {processor.py:830} INFO - Processing file /opt/airflow/dags/corporate_ratings_dag_integration.py for tasks to queue
[2026-06-08T20:06:47.053+0000] {logging_mixin.py:188} INFO - [2026-06-08T20:06:47.053+0000] {dagbag.py:545} INFO - Filling up the DagBag from /opt/airflow/dags/corporate_ratings_dag_integration.py
[2026-06-08T20:06:47.057+0000] {processor.py:840} INFO - DAG(s) 'corporate_ratings_pipeline_integration', 'corporate_ratings_pipeline' retrieved from /opt/airflow/dags/corporate_ratings_dag_integration.py
[2026-06-08T20:06:47.073+0000] {logging_mixin.py:188} INFO - [2026-06-08T20:06:47.073+0000] {dag.py:3089} INFO - Sync 2 DAGs
[2026-06-08T20:06:47.078+0000] {logging_mixin.py:188} INFO - [2026-06-08T20:06:47.078+0000] {dag.py:3947} INFO - Setting next_dagrun for corporate_ratings_pipeline to None, run_after=None
[2026-06-08T20:06:47.079+0000] {logging_mixin.py:188} INFO - [2026-06-08T20:06:47.079+0000] {dag.py:3947} INFO - Setting next_dagrun for corporate_ratings_pipeline_integration to None, run_after=None
[2026-06-08T20:06:47.086+0000] {processor.py:183} INFO - Processing /opt/airflow/dags/corporate_ratings_dag_integration.py took 0.036 seconds
[2026-06-08T20:07:17.286+0000] {processor.py:161} INFO - Started process (PID=250) to work on /opt/airflow/dags/corporate_ratings_dag_integration.py
[2026-06-08T20:07:17.290+0000] {processor.py:830} INFO - Processing file /opt/airflow/dags/corporate_ratings_dag_integration.py for tasks to queue
[2026-06-08T20:07:17.292+0000] {logging_mixin.py:188} INFO - [2026-06-08T20:07:17.292+0000] {dagbag.py:545} INFO - Filling up the DagBag from /opt/airflow/dags/corporate_ratings_dag_integration.py
[2026-06-08T20:07:17.302+0000] {processor.py:840} INFO - DAG(s) 'corporate_ratings_pipeline', 'corporate_ratings_pipeline_integration' retrieved from /opt/airflow/dags/corporate_ratings_dag_integration.py
[2026-06-08T20:07:17.321+0000] {logging_mixin.py:188} INFO - [2026-06-08T20:07:17.321+0000] {dag.py:3089} INFO - Sync 2 DAGs
[2026-06-08T20:07:17.326+0000] {logging_mixin.py:188} INFO - [2026-06-08T20:07:17.326+0000] {dag.py:3947} INFO - Setting next_dagrun for corporate_ratings_pipeline to None, run_after=None
[2026-06-08T20:07:17.327+0000] {logging_mixin.py:188} INFO - [2026-06-08T20:07:17.327+0000] {dag.py:3947} INFO - Setting next_dagrun for corporate_ratings_pipeline_integration to None, run_after=None
[2026-06-08T20:07:17.333+0000] {processor.py:183} INFO - Processing /opt/airflow/dags/corporate_ratings_dag_integration.py took 0.054 seconds
[2026-06-08T20:07:47.517+0000] {processor.py:161} INFO - Started process (PID=267) to work on /opt/airflow/dags/corporate_ratings_dag_integration.py
[2026-06-08T20:07:47.517+0000] {processor.py:830} INFO - Processing file /opt/airflow/dags/corporate_ratings_dag_integration.py for tasks to queue
[2026-06-08T20:07:47.518+0000] {logging_mixin.py:188} INFO - [2026-06-08T20:07:47.518+0000] {dagbag.py:545} INFO - Filling up the DagBag from /opt/airflow/dags/corporate_ratings_dag_integration.py
[2026-06-08T20:07:47.525+0000] {processor.py:840} INFO - DAG(s) 'corporate_ratings_pipeline_integration', 'corporate_ratings_pipeline' retrieved from /opt/airflow/dags/corporate_ratings_dag_integration.py
[2026-06-08T20:07:47.573+0000] {logging_mixin.py:188} INFO - [2026-06-08T20:07:47.573+0000] {dag.py:3089} INFO - Sync 2 DAGs
[2026-06-08T20:07:47.576+0000] {logging_mixin.py:188} INFO - [2026-06-08T20:07:47.576+0000] {dag.py:3947} INFO - Setting next_dagrun for corporate_ratings_pipeline to None, run_after=None
[2026-06-08T20:07:47.577+0000] {logging_mixin.py:188} INFO - [2026-06-08T20:07:47.577+0000] {dag.py:3947} INFO - Setting next_dagrun for corporate_ratings_pipeline_integration to None, run_after=None
[2026-06-08T20:07:47.581+0000] {processor.py:183} INFO - Processing /opt/airflow/dags/corporate_ratings_dag_integration.py took 0.068 seconds
[2026-06-08T20:08:17.746+0000] {processor.py:161} INFO - Started process (PID=284) to work on /opt/airflow/dags/corporate_ratings_dag_integration.py
[2026-06-08T20:08:17.747+0000] {processor.py:830} INFO - Processing file /opt/airflow/dags/corporate_ratings_dag_integration.py for tasks to queue
[2026-06-08T20:08:17.748+0000] {logging_mixin.py:188} INFO - [2026-06-08T20:08:17.748+0000] {dagbag.py:545} INFO - Filling up the DagBag from /opt/airflow/dags/corporate_ratings_dag_integration.py
[2026-06-08T20:08:17.757+0000] {processor.py:840} INFO - DAG(s) 'corporate_ratings_pipeline', 'corporate_ratings_pipeline_integration' retrieved from /opt/airflow/dags/corporate_ratings_dag_integration.py
[2026-06-08T20:08:17.781+0000] {logging_mixin.py:188} INFO - [2026-06-08T20:08:17.781+0000] {dag.py:3089} INFO - Sync 2 DAGs
[2026-06-08T20:08:17.786+0000] {logging_mixin.py:188} INFO - [2026-06-08T20:08:17.786+0000] {dag.py:3947} INFO - Setting next_dagrun for corporate_ratings_pipeline to None, run_after=None
[2026-06-08T20:08:17.787+0000] {logging_mixin.py:188} INFO - [2026-06-08T20:08:17.787+0000] {dag.py:3947} INFO - Setting next_dagrun for corporate_ratings_pipeline_integration to None, run_after=None
[2026-06-08T20:08:17.792+0000] {processor.py:183} INFO - Processing /opt/airflow/dags/corporate_ratings_dag_integration.py took 0.051 seconds
[2026-06-08T20:08:47.969+0000] {processor.py:161} INFO - Started process (PID=301) to work on /opt/airflow/dags/corporate_ratings_dag_integration.py
[2026-06-08T20:08:47.970+0000] {processor.py:830} INFO - Processing file /opt/airflow/dags/corporate_ratings_dag_integration.py for tasks to queue
[2026-06-08T20:08:47.970+0000] {logging_mixin.py:188} INFO - [2026-06-08T20:08:47.970+0000] {dagbag.py:545} INFO - Filling up the DagBag from /opt/airflow/dags/corporate_ratings_dag_integration.py
[2026-06-08T20:08:47.974+0000] {processor.py:840} INFO - DAG(s) 'corporate_ratings_pipeline', 'corporate_ratings_pipeline_integration' retrieved from /opt/airflow/dags/corporate_ratings_dag_integration.py
[2026-06-08T20:08:47.986+0000] {logging_mixin.py:188} INFO - [2026-06-08T20:08:47.986+0000] {dag.py:3089} INFO - Sync 2 DAGs
[2026-06-08T20:08:47.991+0000] {logging_mixin.py:188} INFO - [2026-06-08T20:08:47.991+0000] {dag.py:3947} INFO - Setting next_dagrun for corporate_ratings_pipeline to None, run_after=None
[2026-06-08T20:08:47.992+0000] {logging_mixin.py:188} INFO - [2026-06-08T20:08:47.992+0000] {dag.py:3947} INFO - Setting next_dagrun for corporate_ratings_pipeline_integration to None, run_after=None
[2026-06-08T20:08:47.998+0000] {processor.py:183} INFO - Processing /opt/airflow/dags/corporate_ratings_dag_integration.py took 0.030 seconds
[2026-06-08T20:09:18.191+0000] {processor.py:161} INFO - Started process (PID=318) to work on /opt/airflow/dags/corporate_ratings_dag_integration.py
[2026-06-08T20:09:18.194+0000] {processor.py:830} INFO - Processing file /opt/airflow/dags/corporate_ratings_dag_integration.py for tasks to queue
[2026-06-08T20:09:18.195+0000] {logging_mixin.py:188} INFO - [2026-06-08T20:09:18.195+0000] {dagbag.py:545} INFO - Filling up the DagBag from /opt/airflow/dags/corporate_ratings_dag_integration.py
[2026-06-08T20:09:18.199+0000] {processor.py:840} INFO - DAG(s) 'corporate_ratings_pipeline', 'corporate_ratings_pipeline_integration' retrieved from /opt/airflow/dags/corporate_ratings_dag_integration.py
[2026-06-08T20:09:18.242+0000] {logging_mixin.py:188} INFO - [2026-06-08T20:09:18.242+0000] {dag.py:3089} INFO - Sync 2 DAGs
[2026-06-08T20:09:18.245+0000] {logging_mixin.py:188} INFO - [2026-06-08T20:09:18.245+0000] {dag.py:3947} INFO - Setting next_dagrun for corporate_ratings_pipeline to None, run_after=None
[2026-06-08T20:09:18.246+0000] {logging_mixin.py:188} INFO - [2026-06-08T20:09:18.246+0000] {dag.py:3947} INFO - Setting next_dagrun for corporate_ratings_pipeline_integration to None, run_after=None
[2026-06-08T20:09:18.251+0000] {processor.py:183} INFO - Processing /opt/airflow/dags/corporate_ratings_dag_integration.py took 0.062 seconds
[2026-06-08T20:09:48.432+0000] {processor.py:161} INFO - Started process (PID=335) to work on /opt/airflow/dags/corporate_ratings_dag_integration.py
[2026-06-08T20:09:48.435+0000] {processor.py:830} INFO - Processing file /opt/airflow/dags/corporate_ratings_dag_integration.py for tasks to queue
[2026-06-08T20:09:48.437+0000] {logging_mixin.py:188} INFO - [2026-06-08T20:09:48.437+0000] {dagbag.py:545} INFO - Filling up the DagBag from /opt/airflow/dags/corporate_ratings_dag_integration.py
[2026-06-08T20:09:48.448+0000] {processor.py:840} INFO - DAG(s) 'corporate_ratings_pipeline', 'corporate_ratings_pipeline_integration' retrieved from /opt/airflow/dags/corporate_ratings_dag_integration.py
[2026-06-08T20:09:48.468+0000] {logging_mixin.py:188} INFO - [2026-06-08T20:09:48.468+0000] {dag.py:3089} INFO - Sync 2 DAGs
[2026-06-08T20:09:48.473+0000] {logging_mixin.py:188} INFO - [2026-06-08T20:09:48.473+0000] {dag.py:3947} INFO - Setting next_dagrun for corporate_ratings_pipeline to None, run_after=None
[2026-06-08T20:09:48.475+0000] {logging_mixin.py:188} INFO - [2026-06-08T20:09:48.474+0000] {dag.py:3947} INFO - Setting next_dagrun for corporate_ratings_pipeline_integration to None, run_after=None
[2026-06-08T20:09:48.480+0000] {processor.py:183} INFO - Processing /opt/airflow/dags/corporate_ratings_dag_integration.py took 0.052 seconds
[2026-06-08T20:10:18.654+0000] {processor.py:161} INFO - Started process (PID=352) to work on /opt/airflow/dags/corporate_ratings_dag_integration.py
[2026-06-08T20:10:18.657+0000] {processor.py:830} INFO - Processing file /opt/airflow/dags/corporate_ratings_dag_integration.py for tasks to queue
[2026-06-08T20:10:18.657+0000] {logging_mixin.py:188} INFO - [2026-06-08T20:10:18.657+0000] {dagbag.py:545} INFO - Filling up the DagBag from /opt/airflow/dags/corporate_ratings_dag_integration.py
[2026-06-08T20:10:18.662+0000] {processor.py:840} INFO - DAG(s) 'corporate_ratings_pipeline', 'corporate_ratings_pipeline_integration' retrieved from /opt/airflow/dags/corporate_ratings_dag_integration.py
[2026-06-08T20:10:18.676+0000] {logging_mixin.py:188} INFO - [2026-06-08T20:10:18.675+0000] {dag.py:3089} INFO - Sync 2 DAGs
[2026-06-08T20:10:18.681+0000] {logging_mixin.py:188} INFO - [2026-06-08T20:10:18.681+0000] {dag.py:3947} INFO - Setting next_dagrun for corporate_ratings_pipeline to None, run_after=None
[2026-06-08T20:10:18.682+0000] {logging_mixin.py:188} INFO - [2026-06-08T20:10:18.682+0000] {dag.py:3947} INFO - Setting next_dagrun for corporate_ratings_pipeline_integration to None, run_after=None
[2026-06-08T20:10:18.687+0000] {processor.py:183} INFO - Processing /opt/airflow/dags/corporate_ratings_dag_integration.py took 0.036 seconds
[2026-06-08T20:10:48.885+0000] {processor.py:161} INFO - Started process (PID=369) to work on /opt/airflow/dags/corporate_ratings_dag_integration.py
[2026-06-08T20:10:48.888+0000] {processor.py:830} INFO - Processing file /opt/airflow/dags/corporate_ratings_dag_integration.py for tasks to queue
[2026-06-08T20:10:48.889+0000] {logging_mixin.py:188} INFO - [2026-06-08T20:10:48.889+0000] {dagbag.py:545} INFO - Filling up the DagBag from /opt/airflow/dags/corporate_ratings_dag_integration.py
[2026-06-08T20:10:48.896+0000] {processor.py:840} INFO - DAG(s) 'corporate_ratings_pipeline', 'corporate_ratings_pipeline_integration' retrieved from /opt/airflow/dags/corporate_ratings_dag_integration.py
[2026-06-08T20:10:48.944+0000] {logging_mixin.py:188} INFO - [2026-06-08T20:10:48.944+0000] {dag.py:3089} INFO - Sync 2 DAGs
[2026-06-08T20:10:48.947+0000] {logging_mixin.py:188} INFO - [2026-06-08T20:10:48.947+0000] {dag.py:3947} INFO - Setting next_dagrun for corporate_ratings_pipeline to None, run_after=None
[2026-06-08T20:10:48.948+0000] {logging_mixin.py:188} INFO - [2026-06-08T20:10:48.948+0000] {dag.py:3947} INFO - Setting next_dagrun for corporate_ratings_pipeline_integration to None, run_after=None
[2026-06-08T20:10:48.955+0000] {processor.py:183} INFO - Processing /opt/airflow/dags/corporate_ratings_dag_integration.py took 0.075 seconds
[2026-06-08T20:11:19.119+0000] {processor.py:161} INFO - Started process (PID=386) to work on /opt/airflow/dags/corporate_ratings_dag_integration.py
[2026-06-08T20:11:19.123+0000] {processor.py:830} INFO - Processing file /opt/airflow/dags/corporate_ratings_dag_integration.py for tasks to queue
[2026-06-08T20:11:19.124+0000] {logging_mixin.py:188} INFO - [2026-06-08T20:11:19.124+0000] {dagbag.py:545} INFO - Filling up the DagBag from /opt/airflow/dags/corporate_ratings_dag_integration.py
[2026-06-08T20:11:19.133+0000] {processor.py:840} INFO - DAG(s) 'corporate_ratings_pipeline_integration', 'corporate_ratings_pipeline' retrieved from /opt/airflow/dags/corporate_ratings_dag_integration.py
[2026-06-08T20:11:19.150+0000] {logging_mixin.py:188} INFO - [2026-06-08T20:11:19.150+0000] {dag.py:3089} INFO - Sync 2 DAGs
[2026-06-08T20:11:19.154+0000] {logging_mixin.py:188} INFO - [2026-06-08T20:11:19.154+0000] {dag.py:3947} INFO - Setting next_dagrun for corporate_ratings_pipeline to None, run_after=None
[2026-06-08T20:11:19.155+0000] {logging_mixin.py:188} INFO - [2026-06-08T20:11:19.155+0000] {dag.py:3947} INFO - Setting next_dagrun for corporate_ratings_pipeline_integration to None, run_after=None
[2026-06-08T20:11:19.160+0000] {processor.py:183} INFO - Processing /opt/airflow/dags/corporate_ratings_dag_integration.py took 0.045 seconds
[2026-06-08T20:11:49.397+0000] {processor.py:161} INFO - Started process (PID=403) to work on /opt/airflow/dags/corporate_ratings_dag_integration.py
[2026-06-08T20:11:49.401+0000] {processor.py:830} INFO - Processing file /opt/airflow/dags/corporate_ratings_dag_integration.py for tasks to queue
[2026-06-08T20:11:49.403+0000] {logging_mixin.py:188} INFO - [2026-06-08T20:11:49.403+0000] {dagbag.py:545} INFO - Filling up the DagBag from /opt/airflow/dags/corporate_ratings_dag_integration.py
[2026-06-08T20:11:49.413+0000] {processor.py:840} INFO - DAG(s) 'corporate_ratings_pipeline', 'corporate_ratings_pipeline_integration' retrieved from /opt/airflow/dags/corporate_ratings_dag_integration.py
[2026-06-08T20:11:49.432+0000] {logging_mixin.py:188} INFO - [2026-06-08T20:11:49.431+0000] {dag.py:3089} INFO - Sync 2 DAGs
[2026-06-08T20:11:49.436+0000] {logging_mixin.py:188} INFO - [2026-06-08T20:11:49.436+0000] {dag.py:3947} INFO - Setting next_dagrun for corporate_ratings_pipeline to None, run_after=None
[2026-06-08T20:11:49.438+0000] {logging_mixin.py:188} INFO - [2026-06-08T20:11:49.437+0000] {dag.py:3947} INFO - Setting next_dagrun for corporate_ratings_pipeline_integration to None, run_after=None
[2026-06-08T20:11:49.443+0000] {processor.py:183} INFO - Processing /opt/airflow/dags/corporate_ratings_dag_integration.py took 0.052 seconds
[2026-06-08T20:12:19.604+0000] {processor.py:161} INFO - Started process (PID=420) to work on /opt/airflow/dags/corporate_ratings_dag_integration.py
[2026-06-08T20:12:19.604+0000] {processor.py:830} INFO - Processing file /opt/airflow/dags/corporate_ratings_dag_integration.py for tasks to queue
[2026-06-08T20:12:19.606+0000] {logging_mixin.py:188} INFO - [2026-06-08T20:12:19.606+0000] {dagbag.py:545} INFO - Filling up the DagBag from /opt/airflow/dags/corporate_ratings_dag_integration.py
[2026-06-08T20:12:19.617+0000] {processor.py:840} INFO - DAG(s) 'corporate_ratings_pipeline', 'corporate_ratings_pipeline_integration' retrieved from /opt/airflow/dags/corporate_ratings_dag_integration.py
[2026-06-08T20:12:19.681+0000] {logging_mixin.py:188} INFO - [2026-06-08T20:12:19.681+0000] {dag.py:3089} INFO - Sync 2 DAGs
[2026-06-08T20:12:19.684+0000] {logging_mixin.py:188} INFO - [2026-06-08T20:12:19.684+0000] {dag.py:3947} INFO - Setting next_dagrun for corporate_ratings_pipeline to None, run_after=None
[2026-06-08T20:12:19.685+0000] {logging_mixin.py:188} INFO - [2026-06-08T20:12:19.685+0000] {dag.py:3947} INFO - Setting next_dagrun for corporate_ratings_pipeline_integration to None, run_after=None
[2026-06-08T20:12:19.691+0000] {processor.py:183} INFO - Processing /opt/airflow/dags/corporate_ratings_dag_integration.py took 0.091 seconds
[2026-06-08T20:12:49.854+0000] {processor.py:161} INFO - Started process (PID=437) to work on /opt/airflow/dags/corporate_ratings_dag_integration.py
[2026-06-08T20:12:49.858+0000] {processor.py:830} INFO - Processing file /opt/airflow/dags/corporate_ratings_dag_integration.py for tasks to queue
[2026-06-08T20:12:49.860+0000] {logging_mixin.py:188} INFO - [2026-06-08T20:12:49.860+0000] {dagbag.py:545} INFO - Filling up the DagBag from /opt/airflow/dags/corporate_ratings_dag_integration.py
[2026-06-08T20:12:49.869+0000] {processor.py:840} INFO - DAG(s) 'corporate_ratings_pipeline', 'corporate_ratings_pipeline_integration' retrieved from /opt/airflow/dags/corporate_ratings_dag_integration.py
[2026-06-08T20:12:49.894+0000] {logging_mixin.py:188} INFO - [2026-06-08T20:12:49.894+0000] {dag.py:3089} INFO - Sync 2 DAGs
[2026-06-08T20:12:49.899+0000] {logging_mixin.py:188} INFO - [2026-06-08T20:12:49.899+0000] {dag.py:3947} INFO - Setting next_dagrun for corporate_ratings_pipeline to None, run_after=None
[2026-06-08T20:12:49.900+0000] {logging_mixin.py:188} INFO - [2026-06-08T20:12:49.900+0000] {dag.py:3947} INFO - Setting next_dagrun for corporate_ratings_pipeline_integration to None, run_after=None
[2026-06-08T20:12:49.906+0000] {processor.py:183} INFO - Processing /opt/airflow/dags/corporate_ratings_dag_integration.py took 0.057 seconds
[2026-06-08T20:13:20.081+0000] {processor.py:161} INFO - Started process (PID=454) to work on /opt/airflow/dags/corporate_ratings_dag_integration.py
[2026-06-08T20:13:20.084+0000] {processor.py:830} INFO - Processing file /opt/airflow/dags/corporate_ratings_dag_integration.py for tasks to queue
[2026-06-08T20:13:20.084+0000] {logging_mixin.py:188} INFO - [2026-06-08T20:13:20.084+0000] {dagbag.py:545} INFO - Filling up the DagBag from /opt/airflow/dags/corporate_ratings_dag_integration.py
[2026-06-08T20:13:20.089+0000] {processor.py:840} INFO - DAG(s) 'corporate_ratings_pipeline_integration', 'corporate_ratings_pipeline' retrieved from /opt/airflow/dags/corporate_ratings_dag_integration.py
[2026-06-08T20:13:20.102+0000] {logging_mixin.py:188} INFO - [2026-06-08T20:13:20.102+0000] {dag.py:3089} INFO - Sync 2 DAGs
[2026-06-08T20:13:20.106+0000] {logging_mixin.py:188} INFO - [2026-06-08T20:13:20.106+0000] {dag.py:3947} INFO - Setting next_dagrun for corporate_ratings_pipeline to None, run_after=None
[2026-06-08T20:13:20.107+0000] {logging_mixin.py:188} INFO - [2026-06-08T20:13:20.107+0000] {dag.py:3947} INFO - Setting next_dagrun for corporate_ratings_pipeline_integration to None, run_after=None
[2026-06-08T20:13:20.112+0000] {processor.py:183} INFO - Processing /opt/airflow/dags/corporate_ratings_dag_integration.py took 0.033 seconds
[2026-06-08T20:13:50.277+0000] {processor.py:161} INFO - Started process (PID=471) to work on /opt/airflow/dags/corporate_ratings_dag_integration.py
[2026-06-08T20:13:50.280+0000] {processor.py:830} INFO - Processing file /opt/airflow/dags/corporate_ratings_dag_integration.py for tasks to queue
[2026-06-08T20:13:50.282+0000] {logging_mixin.py:188} INFO - [2026-06-08T20:13:50.282+0000] {dagbag.py:545} INFO - Filling up the DagBag from /opt/airflow/dags/corporate_ratings_dag_integration.py
[2026-06-08T20:13:50.290+0000] {processor.py:840} INFO - DAG(s) 'corporate_ratings_pipeline_integration', 'corporate_ratings_pipeline' retrieved from /opt/airflow/dags/corporate_ratings_dag_integration.py
[2026-06-08T20:13:50.343+0000] {logging_mixin.py:188} INFO - [2026-06-08T20:13:50.343+0000] {dag.py:3089} INFO - Sync 2 DAGs
[2026-06-08T20:13:50.346+0000] {logging_mixin.py:188} INFO - [2026-06-08T20:13:50.346+0000] {dag.py:3947} INFO - Setting next_dagrun for corporate_ratings_pipeline to None, run_after=None
[2026-06-08T20:13:50.347+0000] {logging_mixin.py:188} INFO - [2026-06-08T20:13:50.347+0000] {dag.py:3947} INFO - Setting next_dagrun for corporate_ratings_pipeline_integration to None, run_after=None
[2026-06-08T20:13:50.354+0000] {processor.py:183} INFO - Processing /opt/airflow/dags/corporate_ratings_dag_integration.py took 0.082 seconds
