[2026-06-08T20:06:13.675+0000] {local_task_job_runner.py:120} INFO - ::group::Pre task execution logs
[2026-06-08T20:06:13.690+0000] {taskinstance.py:2076} INFO - Dependencies all met for dep_context=non-requeueable deps ti=<TaskInstance: corporate_ratings_pipeline.create_tables manual__2026-06-08T20:06:12.888827+00:00 [queued]>
[2026-06-08T20:06:13.692+0000] {taskinstance.py:2076} INFO - Dependencies all met for dep_context=requeueable deps ti=<TaskInstance: corporate_ratings_pipeline.create_tables manual__2026-06-08T20:06:12.888827+00:00 [queued]>
[2026-06-08T20:06:13.692+0000] {taskinstance.py:2306} INFO - Starting attempt 1 of 2
[2026-06-08T20:06:13.698+0000] {taskinstance.py:2330} INFO - Executing <Task(PythonOperator): create_tables> on 2026-06-08 20:06:12.888827+00:00
[2026-06-08T20:06:13.702+0000] {logging_mixin.py:188} WARNING - /home/***/.local/lib/python3.12/site-packages/***/task/task_runner/standard_task_runner.py:62 DeprecationWarning: This process (pid=183) is multi-threaded, use of fork() may lead to deadlocks in the child.
[2026-06-08T20:06:13.702+0000] {standard_task_runner.py:64} INFO - Started process 184 to run task
[2026-06-08T20:06:13.702+0000] {standard_task_runner.py:90} INFO - Running: ['***', 'tasks', 'run', 'corporate_ratings_pipeline', 'create_tables', 'manual__2026-06-08T20:06:12.888827+00:00', '--job-id', '2', '--raw', '--subdir', 'DAGS_FOLDER/corporate_ratings_dag.py', '--cfg-path', '/tmp/tmp8i9djru3']
[2026-06-08T20:06:13.703+0000] {standard_task_runner.py:91} INFO - Job 2: Subtask create_tables
[2026-06-08T20:06:13.724+0000] {task_command.py:426} INFO - Running <TaskInstance: corporate_ratings_pipeline.create_tables manual__2026-06-08T20:06:12.888827+00:00 [running]> on host ***-scheduler
[2026-06-08T20:06:13.757+0000] {taskinstance.py:2648} INFO - Exporting env vars: AIRFLOW_CTX_DAG_OWNER='data_engineering' AIRFLOW_CTX_DAG_ID='corporate_ratings_pipeline' AIRFLOW_CTX_TASK_ID='create_tables' AIRFLOW_CTX_EXECUTION_DATE='2026-06-08T20:06:12.888827+00:00' AIRFLOW_CTX_TRY_NUMBER='1' AIRFLOW_CTX_DAG_RUN_ID='manual__2026-06-08T20:06:12.888827+00:00'
[2026-06-08T20:06:13.757+0000] {taskinstance.py:430} INFO - ::endgroup::
[2026-06-08T20:06:13.779+0000] {base.py:84} INFO - Using connection ID 'postgres_***' for task execution.
[2026-06-08T20:06:13.783+0000] {corporate_ratings_dag.py:66} INFO - Creating table: 1_upload_log.sql
[2026-06-08T20:06:13.789+0000] {corporate_ratings_dag.py:66} INFO - Creating table: 2_pipeline_run_state.sql
[2026-06-08T20:06:13.791+0000] {corporate_ratings_dag.py:66} INFO - Creating table: 3_dim_company.sql
[2026-06-08T20:06:13.795+0000] {corporate_ratings_dag.py:66} INFO - Creating table: 4_dim_company_industry_risk.sql
[2026-06-08T20:06:13.797+0000] {corporate_ratings_dag.py:66} INFO - Creating table: 5_dim_company_rating_methodology.sql
[2026-06-08T20:06:13.799+0000] {corporate_ratings_dag.py:66} INFO - Creating table: 6_fact_ratings.sql
[2026-06-08T20:06:13.801+0000] {corporate_ratings_dag.py:66} INFO - Creating table: 7_fact_scope_credit_hist.sql
[2026-06-08T20:06:13.803+0000] {corporate_ratings_dag.py:70} INFO - All tables created from DDL files' SQL
[2026-06-08T20:06:13.803+0000] {python.py:237} INFO - Done. Returned value was: None
[2026-06-08T20:06:13.804+0000] {taskinstance.py:441} INFO - ::group::Post task execution logs
[2026-06-08T20:06:13.808+0000] {taskinstance.py:1206} INFO - Marking task as SUCCESS. dag_id=***_ratings_pipeline, task_id=create_tables, run_id=manual__2026-06-08T20:06:12.888827+00:00, execution_date=20260608T200612, start_date=20260608T200613, end_date=20260608T200613
[2026-06-08T20:06:13.842+0000] {local_task_job_runner.py:243} INFO - Task exited with return code 0
[2026-06-08T20:06:13.853+0000] {taskinstance.py:3503} INFO - 1 downstream tasks scheduled from follow-on schedule check
[2026-06-08T20:06:13.853+0000] {local_task_job_runner.py:222} INFO - ::endgroup::
